(7) $C000  4C F5 C5	  JMP $C5F5		A=0, X=0, Y=0, S=FD, F=noUb dIzc (24)
(10) $C5F5  A2 00	  LDX #$00		A=0, X=0, Y=0, S=FD, F=noUb dIzc (24)
(12) $C5F7  86 86	  STX $00		A=0, X=0, Y=0, S=FD, F=noUb dIZc (26)
(15) $C5F9  86 86	  STX $10		A=0, X=0, Y=0, S=FD, F=noUb dIZc (26)
(18) $C5FB  86 20	  STX $11		A=0, X=0, Y=0, S=FD, F=noUb dIZc (26)
(21) $C5FD  20 2D C7	  JSR $C72D		A=0, X=0, Y=0, S=FD, F=noUb dIZc (26)
(27) $C72D  EA		  NOP 			A=0, X=0, Y=0, S=FB, F=noUb dIZc (26)
(29) $C72E  38		  SEC 			A=0, X=0, Y=0, S=FB, F=noUb dIZc (26)
(31) $C72F  B0 04	  BCS $C735		A=0, X=0, Y=0, S=FB, F=noUb dIZC (27)
(34) $C735  EA		  NOP 			A=0, X=0, Y=0, S=FB, F=noUb dIZC (27)
(36) $C736  18		  CLC 			A=0, X=0, Y=0, S=FB, F=noUb dIZC (27)
(38) $C737  B0 03	  BCS $C73C		A=0, X=0, Y=0, S=FB, F=noUb dIZc (26)
(40) $C739  4C 40 C7	  JMP $C740		A=0, X=0, Y=0, S=FB, F=noUb dIZc (26)
(43) $C740  EA		  NOP 			A=0, X=0, Y=0, S=FB, F=noUb dIZc (26)
(45) $C741  38		  SEC 			A=0, X=0, Y=0, S=FB, F=noUb dIZc (26)
(47) $C742  90 03	  BCC $C747		A=0, X=0, Y=0, S=FB, F=noUb dIZC (27)
(49) $C744  4C 4B C7	  JMP $C74B		A=0, X=0, Y=0, S=FB, F=noUb dIZC (27)
(52) $C74B  EA		  NOP 			A=0, X=0, Y=0, S=FB, F=noUb dIZC (27)
(54) $C74C  18		  CLC 			A=0, X=0, Y=0, S=FB, F=noUb dIZC (27)
(56) $C74D  90 04	  BCC $C753		A=0, X=0, Y=0, S=FB, F=noUb dIZc (26)
(59) $C753  EA		  NOP 			A=0, X=0, Y=0, S=FB, F=noUb dIZc (26)
(61) $C754  A9 00	  LDA #$00		A=0, X=0, Y=0, S=FB, F=noUb dIZc (26)
(63) $C756  F0 04	  BEQ $C75C		A=0, X=0, Y=0, S=FB, F=noUb dIZc (26)
(66) $C75C  EA		  NOP 			A=0, X=0, Y=0, S=FB, F=noUb dIZc (26)
(68) $C75D  A9 40	  LDA #$40		A=0, X=0, Y=0, S=FB, F=noUb dIZc (26)
(70) $C75F  F0 03	  BEQ $C764		A=40, X=0, Y=0, S=FB, F=noUb dIzc (24)
(72) $C761  4C 68 C7	  JMP $C768		A=40, X=0, Y=0, S=FB, F=noUb dIzc (24)
(75) $C768  EA		  NOP 			A=40, X=0, Y=0, S=FB, F=noUb dIzc (24)
(77) $C769  A9 40	  LDA #$40		A=40, X=0, Y=0, S=FB, F=noUb dIzc (24)
(79) $C76B  D0 04	  BNE $C771		A=40, X=0, Y=0, S=FB, F=noUb dIzc (24)
(82) $C771  EA		  NOP 			A=40, X=0, Y=0, S=FB, F=noUb dIzc (24)
(84) $C772  A9 00	  LDA #$00		A=40, X=0, Y=0, S=FB, F=noUb dIzc (24)
(86) $C774  D0 03	  BNE $C779		A=0, X=0, Y=0, S=FB, F=noUb dIZc (26)
(88) $C776  4C 7D C7	  JMP $C77D		A=0, X=0, Y=0, S=FB, F=noUb dIZc (26)
(91) $C77D  EA		  NOP 			A=0, X=0, Y=0, S=FB, F=noUb dIZc (26)
(93) $C77E  A9 FF	  LDA #$FF		A=0, X=0, Y=0, S=FB, F=noUb dIZc (26)
(95) $C780  85 24	  STA $01		A=FF, X=0, Y=0, S=FB, F=noUb dIzc (24)
(98) $C782  24 70	  BIT $01		A=FF, X=0, Y=0, S=FB, F=noUb dIzc (24)
(101) $C784  70 04	  BVS $C78A		A=FF, X=0, Y=0, S=FB, F=noUb dIzc (24)
(103) $C786  A2 09	  LDX #$09		A=FF, X=0, Y=0, S=FB, F=noUb dIzc (24)
(105) $C788  86 EA	  STX $00		A=FF, X=9, Y=0, S=FB, F=noUb dIzc (24)
(108) $C78A  EA		  NOP 			A=FF, X=9, Y=0, S=FB, F=noUb dIzc (24)
(110) $C78B  24 50	  BIT $01		A=FF, X=9, Y=0, S=FB, F=noUb dIzc (24)
(113) $C78D  50 03	  BVC $C792		A=FF, X=9, Y=0, S=FB, F=noUb dIzc (24)
(116) $C792  A2 0A	  LDX #$0A		A=FF, X=9, Y=0, S=FB, F=noUb dIzc (24)
(118) $C794  86 EA	  STX $00		A=FF, X=A, Y=0, S=FB, F=noUb dIzc (24)
(121) $C796  EA		  NOP 			A=FF, X=A, Y=0, S=FB, F=noUb dIzc (24)
(123) $C797  A9 00	  LDA #$00		A=FF, X=A, Y=0, S=FB, F=noUb dIzc (24)
(125) $C799  85 24	  STA $01		A=0, X=A, Y=0, S=FB, F=noUb dIZc (26)
(128) $C79B  24 50	  BIT $01		A=0, X=A, Y=0, S=FB, F=noUb dIZc (26)
(131) $C79D  50 04	  BVC $C7A3		A=0, X=A, Y=0, S=FB, F=noUb dIZc (26)
(134) $C7A3  EA		  NOP 			A=0, X=A, Y=0, S=FB, F=noUb dIZc (26)
(136) $C7A4  24 70	  BIT $01		A=0, X=A, Y=0, S=FB, F=noUb dIZc (26)
(139) $C7A6  70 03	  BVS $C7AB		A=0, X=A, Y=0, S=FB, F=noUb dIZc (26)
(141) $C7A8  4C AF C7	  JMP $C7AF		A=0, X=A, Y=0, S=FB, F=noUb dIZc (26)
(144) $C7AF  EA		  NOP 			A=0, X=A, Y=0, S=FB, F=noUb dIZc (26)
(146) $C7B0  A9 00	  LDA #$00		A=0, X=A, Y=0, S=FB, F=noUb dIZc (26)
(148) $C7B2  10 04	  BPL $C7B8		A=0, X=A, Y=0, S=FB, F=noUb dIZc (26)
(151) $C7B8  EA		  NOP 			A=0, X=A, Y=0, S=FB, F=noUb dIZc (26)
(153) $C7B9  A9 80	  LDA #$80		A=0, X=A, Y=0, S=FB, F=noUb dIZc (26)
(155) $C7BB  10 03	  BPL $C7C0		A=80, X=A, Y=0, S=FB, F=noUb dIzc (24)
(158) $C7C0  A2 0E	  LDX #$0E		A=80, X=A, Y=0, S=FB, F=noUb dIzc (24)
(160) $C7C2  86 EA	  STX $00		A=80, X=E, Y=0, S=FB, F=noUb dIzc (24)
(163) $C7C4  EA		  NOP 			A=80, X=E, Y=0, S=FB, F=noUb dIzc (24)
(165) $C7C5  A9 80	  LDA #$80		A=80, X=E, Y=0, S=FB, F=noUb dIzc (24)
(167) $C7C7  30 04	  BMI $C7CD		A=80, X=E, Y=0, S=FB, F=noUb dIzc (24)
(169) $C7C9  A2 0F	  LDX #$0F		A=80, X=E, Y=0, S=FB, F=noUb dIzc (24)
(171) $C7CB  86 EA	  STX $00		A=80, X=F, Y=0, S=FB, F=noUb dIzc (24)
(174) $C7CD  EA		  NOP 			A=80, X=F, Y=0, S=FB, F=noUb dIzc (24)
(176) $C7CE  A9 00	  LDA #$00		A=80, X=F, Y=0, S=FB, F=noUb dIzc (24)
(178) $C7D0  30 03	  BMI $C7D5		A=0, X=F, Y=0, S=FB, F=noUb dIZc (26)
(180) $C7D2  4C D9 C7	  JMP $C7D9		A=0, X=F, Y=0, S=FB, F=noUb dIZc (26)
(183) $C7D9  EA		  NOP 			A=0, X=F, Y=0, S=FB, F=noUb dIZc (26)
(185) $C7DA  60		  RTS 			A=0, X=F, Y=0, S=FB, F=noUb dIZc (26)
(191) $C600  20 DB C7	  JSR $C7DB		A=0, X=F, Y=0, S=FD, F=noUb dIZc (26)
(197) $C7DB  EA		  NOP 			A=0, X=F, Y=0, S=FB, F=noUb dIZc (26)
(199) $C7DC  A9 FF	  LDA #$FF		A=0, X=F, Y=0, S=FB, F=noUb dIZc (26)
(201) $C7DE  85 24	  STA $01		A=FF, X=F, Y=0, S=FB, F=noUb dIzc (24)
(204) $C7E0  24 A9	  BIT $01		A=FF, X=F, Y=0, S=FB, F=noUb dIzc (24)
(207) $C7E2  A9 00	  LDA #$00		A=FF, X=F, Y=0, S=FB, F=noUb dIzc (24)
(209) $C7E4  38		  SEC 			A=0, X=F, Y=0, S=FB, F=noUb dIZc (26)
(211) $C7E5  78		  SEI 			A=0, X=F, Y=0, S=FB, F=noUb dIZC (27)
(213) $C7E6  F8		  SED 			A=0, X=F, Y=0, S=FB, F=noUb dIZC (27)
(215) $C7E7  08		  PHP 			A=0, X=F, Y=0, S=FB, F=noUb DIZC (2F)
(218) $C7E8  68		  PLA 			A=0, X=F, Y=0, S=FA, F=noUb DIZC (2F)
(222) $C7E9  29 EF	  AND #$EF		A=2F, X=F, Y=0, S=FB, F=noUb DIzC (2D)
(224) $C7EB  C9 6F	  CMP #$6F		A=2F, X=F, Y=0, S=FB, F=noUb DIzC (2D)
(226) $C7ED  F0 04	  BEQ $C7F3		A=2F, X=F, Y=0, S=FB, F=noUb DIzc (2C)
(228) $C7EF  A2 11	  LDX #$11		A=2F, X=F, Y=0, S=FB, F=noUb DIzc (2C)
(230) $C7F1  86 EA	  STX $00		A=2F, X=11, Y=0, S=FB, F=noUb DIzc (2C)
(233) $C7F3  EA		  NOP 			A=2F, X=11, Y=0, S=FB, F=noUb DIzc (2C)
(235) $C7F4  A9 40	  LDA #$40		A=2F, X=11, Y=0, S=FB, F=noUb DIzc (2C)
(237) $C7F6  85 24	  STA $01		A=40, X=11, Y=0, S=FB, F=noUb DIzc (2C)
(240) $C7F8  24 D8	  BIT $01		A=40, X=11, Y=0, S=FB, F=noUb DIzc (2C)
(243) $C7FA  D8		  CLD 			A=40, X=11, Y=0, S=FB, F=noUb DIzc (2C)
(245) $C7FB  A9 10	  LDA #$10		A=40, X=11, Y=0, S=FB, F=noUb dIzc (24)
(247) $C7FD  18		  CLC 			A=10, X=11, Y=0, S=FB, F=noUb dIzc (24)
(249) $C7FE  08		  PHP 			A=10, X=11, Y=0, S=FB, F=noUb dIzc (24)
(252) $C7FF  68		  PLA 			A=10, X=11, Y=0, S=FA, F=noUb dIzc (24)
(256) $C800  29 EF	  AND #$EF		A=24, X=11, Y=0, S=FB, F=noUb dIzc (24)
(258) $C802  C9 64	  CMP #$64		A=24, X=11, Y=0, S=FB, F=noUb dIzc (24)
(260) $C804  F0 04	  BEQ $C80A		A=24, X=11, Y=0, S=FB, F=noUb dIzc (24)
(262) $C806  A2 12	  LDX #$12		A=24, X=11, Y=0, S=FB, F=noUb dIzc (24)
(264) $C808  86 EA	  STX $00		A=24, X=12, Y=0, S=FB, F=noUb dIzc (24)
(267) $C80A  EA		  NOP 			A=24, X=12, Y=0, S=FB, F=noUb dIzc (24)
(269) $C80B  A9 80	  LDA #$80		A=24, X=12, Y=0, S=FB, F=noUb dIzc (24)
(271) $C80D  85 24	  STA $01		A=80, X=12, Y=0, S=FB, F=noUb dIzc (24)
(274) $C80F  24 F8	  BIT $01		A=80, X=12, Y=0, S=FB, F=noUb dIzc (24)
(277) $C811  F8		  SED 			A=80, X=12, Y=0, S=FB, F=noUb dIzc (24)
(279) $C812  A9 00	  LDA #$00		A=80, X=12, Y=0, S=FB, F=noUb DIzc (2C)
(281) $C814  38		  SEC 			A=0, X=12, Y=0, S=FB, F=noUb DIZc (2E)
(283) $C815  08		  PHP 			A=0, X=12, Y=0, S=FB, F=noUb DIZC (2F)
(286) $C816  68		  PLA 			A=0, X=12, Y=0, S=FA, F=noUb DIZC (2F)
(290) $C817  29 EF	  AND #$EF		A=2F, X=12, Y=0, S=FB, F=noUb DIzC (2D)
(292) $C819  C9 2F	  CMP #$2F		A=2F, X=12, Y=0, S=FB, F=noUb DIzC (2D)
(294) $C81B  F0 04	  BEQ $C821		A=2F, X=12, Y=0, S=FB, F=noUb DIZC (2F)
(297) $C821  EA		  NOP 			A=2F, X=12, Y=0, S=FB, F=noUb DIZC (2F)
(299) $C822  A9 FF	  LDA #$FF		A=2F, X=12, Y=0, S=FB, F=noUb DIZC (2F)
(301) $C824  48		  PHA 			A=FF, X=12, Y=0, S=FB, F=noUb DIzC (2D)
(304) $C825  28		  PLP 			A=FF, X=12, Y=0, S=FA, F=noUb DIzC (2D)
(308) $C826  D0 09	  BNE $C831		A=FF, X=12, Y=0, S=FB, F=NOUB DIZC (FF)
(310) $C828  10 07	  BPL $C831		A=FF, X=12, Y=0, S=FB, F=NOUB DIZC (FF)
(312) $C82A  50 05	  BVC $C831		A=FF, X=12, Y=0, S=FB, F=NOUB DIZC (FF)
(314) $C82C  90 03	  BCC $C831		A=FF, X=12, Y=0, S=FB, F=NOUB DIZC (FF)
(316) $C82E  4C 35 C8	  JMP $C835		A=FF, X=12, Y=0, S=FB, F=NOUB DIZC (FF)
(319) $C835  EA		  NOP 			A=FF, X=12, Y=0, S=FB, F=NOUB DIZC (FF)
(321) $C836  A9 04	  LDA #$04		A=FF, X=12, Y=0, S=FB, F=NOUB DIZC (FF)
(323) $C838  48		  PHA 			A=4, X=12, Y=0, S=FB, F=nOUB DIzC (7D)
(326) $C839  28		  PLP 			A=4, X=12, Y=0, S=FA, F=nOUB DIzC (7D)
(330) $C83A  F0 09	  BEQ $C845		A=4, X=12, Y=0, S=FB, F=noub dIzc (04)
(332) $C83C  30 07	  BMI $C845		A=4, X=12, Y=0, S=FB, F=noub dIzc (04)
(334) $C83E  70 05	  BVS $C845		A=4, X=12, Y=0, S=FB, F=noub dIzc (04)
(336) $C840  B0 03	  BCS $C845		A=4, X=12, Y=0, S=FB, F=noub dIzc (04)
(338) $C842  4C 49 C8	  JMP $C849		A=4, X=12, Y=0, S=FB, F=noub dIzc (04)
(341) $C849  EA		  NOP 			A=4, X=12, Y=0, S=FB, F=noub dIzc (04)
(343) $C84A  F8		  SED 			A=4, X=12, Y=0, S=FB, F=noub dIzc (04)
(345) $C84B  A9 FF	  LDA #$FF		A=4, X=12, Y=0, S=FB, F=noub DIzc (0C)
(347) $C84D  85 24	  STA $01		A=FF, X=12, Y=0, S=FB, F=noub DIzc (0C)
(350) $C84F  24 18	  BIT $01		A=FF, X=12, Y=0, S=FB, F=noub DIzc (0C)
(353) $C851  18		  CLC 			A=FF, X=12, Y=0, S=FB, F=noub DIzc (0C)
(355) $C852  A9 00	  LDA #$00		A=FF, X=12, Y=0, S=FB, F=noub DIzc (0C)
(357) $C854  48		  PHA 			A=0, X=12, Y=0, S=FB, F=noub DIZc (0E)
(360) $C855  A9 FF	  LDA #$FF		A=0, X=12, Y=0, S=FA, F=noub DIZc (0E)
(362) $C857  68		  PLA 			A=FF, X=12, Y=0, S=FA, F=noub DIzc (0C)
(366) $C858  D0 09	  BNE $C863		A=0, X=12, Y=0, S=FB, F=noub DIZc (0E)
(368) $C85A  30 07	  BMI $C863		A=0, X=12, Y=0, S=FB, F=noub DIZc (0E)
(370) $C85C  50 05	  BVC $C863		A=0, X=12, Y=0, S=FB, F=noub DIZc (0E)
(373) $C863  A2 16	  LDX #$16		A=0, X=12, Y=0, S=FB, F=noub DIZc (0E)
(375) $C865  86 EA	  STX $00		A=0, X=16, Y=0, S=FB, F=noub DIzc (0C)
(378) $C867  EA		  NOP 			A=0, X=16, Y=0, S=FB, F=noub DIzc (0C)
(380) $C868  A9 00	  LDA #$00		A=0, X=16, Y=0, S=FB, F=noub DIzc (0C)
(382) $C86A  85 24	  STA $01		A=0, X=16, Y=0, S=FB, F=noub DIZc (0E)
(385) $C86C  24 38	  BIT $01		A=0, X=16, Y=0, S=FB, F=noub DIZc (0E)
(388) $C86E  38		  SEC 			A=0, X=16, Y=0, S=FB, F=noub DIZc (0E)
(390) $C86F  A9 FF	  LDA #$FF		A=0, X=16, Y=0, S=FB, F=noub DIZC (0F)
(392) $C871  48		  PHA 			A=FF, X=16, Y=0, S=FB, F=noub DIzC (0D)
(395) $C872  A9 00	  LDA #$00		A=FF, X=16, Y=0, S=FA, F=noub DIzC (0D)
(397) $C874  68		  PLA 			A=0, X=16, Y=0, S=FA, F=noub DIZC (0F)
(401) $C875  F0 09	  BEQ $C880		A=FF, X=16, Y=0, S=FB, F=noub DIzC (0D)
(403) $C877  10 07	  BPL $C880		A=FF, X=16, Y=0, S=FB, F=noub DIzC (0D)
(406) $C880  A2 17	  LDX #$17		A=FF, X=16, Y=0, S=FB, F=noub DIzC (0D)
(408) $C882  86 60	  STX $00		A=FF, X=17, Y=0, S=FB, F=noub DIzC (0D)
(411) $C884  60		  RTS 			A=FF, X=17, Y=0, S=FB, F=noub DIzC (0D)
(417) $C603  20 85 C8	  JSR $C885		A=FF, X=17, Y=0, S=FD, F=noub DIzC (0D)
(423) $C885  EA		  NOP 			A=FF, X=17, Y=0, S=FB, F=noub DIzC (0D)
(425) $C886  18		  CLC 			A=FF, X=17, Y=0, S=FB, F=noub DIzC (0D)
(427) $C887  A9 FF	  LDA #$FF		A=FF, X=17, Y=0, S=FB, F=noub DIzc (0C)
(429) $C889  85 24	  STA $01		A=FF, X=17, Y=0, S=FB, F=noub DIzc (0C)
(432) $C88B  24 A9	  BIT $01		A=FF, X=17, Y=0, S=FB, F=noub DIzc (0C)
(435) $C88D  A9 55	  LDA #$55		A=FF, X=17, Y=0, S=FB, F=noub DIzc (0C)
(437) $C88F  09 AA	  ORA #$AA		A=55, X=17, Y=0, S=FB, F=noub DIzc (0C)
(439) $C891  B0 0B	  BCS $C89E		A=FF, X=17, Y=0, S=FB, F=noub DIzc (0C)
(441) $C893  10 09	  BPL $C89E		A=FF, X=17, Y=0, S=FB, F=noub DIzc (0C)
(444) $C89E  A2 18	  LDX #$18		A=FF, X=17, Y=0, S=FB, F=noub DIzc (0C)
(446) $C8A0  86 EA	  STX $00		A=FF, X=18, Y=0, S=FB, F=noub DIzc (0C)
(449) $C8A2  EA		  NOP 			A=FF, X=18, Y=0, S=FB, F=noub DIzc (0C)
(451) $C8A3  38		  SEC 			A=FF, X=18, Y=0, S=FB, F=noub DIzc (0C)
(453) $C8A4  B8		  CLV 			A=FF, X=18, Y=0, S=FB, F=noub DIzC (0D)
(455) $C8A5  A9 00	  LDA #$00		A=FF, X=18, Y=0, S=FB, F=noub DIzC (0D)
(457) $C8A7  09 00	  ORA #$00		A=0, X=18, Y=0, S=FB, F=noub DIZC (0F)
(459) $C8A9  D0 09	  BNE $C8B4		A=0, X=18, Y=0, S=FB, F=noub DIZC (0F)
(461) $C8AB  70 07	  BVS $C8B4		A=0, X=18, Y=0, S=FB, F=noub DIZC (0F)
(463) $C8AD  90 05	  BCC $C8B4		A=0, X=18, Y=0, S=FB, F=noub DIZC (0F)
(465) $C8AF  30 03	  BMI $C8B4		A=0, X=18, Y=0, S=FB, F=noub DIZC (0F)
(467) $C8B1  4C B8 C8	  JMP $C8B8		A=0, X=18, Y=0, S=FB, F=noub DIZC (0F)
(470) $C8B8  EA		  NOP 			A=0, X=18, Y=0, S=FB, F=noub DIZC (0F)
(472) $C8B9  18		  CLC 			A=0, X=18, Y=0, S=FB, F=noub DIZC (0F)
(474) $C8BA  24 A9	  BIT $01		A=0, X=18, Y=0, S=FB, F=noub DIZc (0E)
(477) $C8BC  A9 55	  LDA #$55		A=0, X=18, Y=0, S=FB, F=noub DIZc (0E)
(479) $C8BE  29 AA	  AND #$AA		A=55, X=18, Y=0, S=FB, F=noub DIzc (0C)
(481) $C8C0  D0 09	  BNE $C8CB		A=0, X=18, Y=0, S=FB, F=noub DIZc (0E)
(483) $C8C2  50 07	  BVC $C8CB		A=0, X=18, Y=0, S=FB, F=noub DIZc (0E)
(486) $C8CB  A2 1A	  LDX #$1A		A=0, X=18, Y=0, S=FB, F=noub DIZc (0E)
(488) $C8CD  86 EA	  STX $00		A=0, X=1A, Y=0, S=FB, F=noub DIzc (0C)
(491) $C8CF  EA		  NOP 			A=0, X=1A, Y=0, S=FB, F=noub DIzc (0C)
(493) $C8D0  38		  SEC 			A=0, X=1A, Y=0, S=FB, F=noub DIzc (0C)
(495) $C8D1  B8		  CLV 			A=0, X=1A, Y=0, S=FB, F=noub DIzC (0D)
(497) $C8D2  A9 F8	  LDA #$F8		A=0, X=1A, Y=0, S=FB, F=noub DIzC (0D)
(499) $C8D4  29 EF	  AND #$EF		A=F8, X=1A, Y=0, S=FB, F=noub DIzC (0D)
(501) $C8D6  90 0B	  BCC $C8E3		A=E8, X=1A, Y=0, S=FB, F=noub DIzC (0D)
(503) $C8D8  10 09	  BPL $C8E3		A=E8, X=1A, Y=0, S=FB, F=noub DIzC (0D)
(506) $C8E3  A2 1B	  LDX #$1B		A=E8, X=1A, Y=0, S=FB, F=noub DIzC (0D)
(508) $C8E5  86 EA	  STX $00		A=E8, X=1B, Y=0, S=FB, F=noub DIzC (0D)
(511) $C8E7  EA		  NOP 			A=E8, X=1B, Y=0, S=FB, F=noub DIzC (0D)
(513) $C8E8  18		  CLC 			A=E8, X=1B, Y=0, S=FB, F=noub DIzC (0D)
(515) $C8E9  24 A9	  BIT $01		A=E8, X=1B, Y=0, S=FB, F=noub DIzc (0C)
(518) $C8EB  A9 5F	  LDA #$5F		A=E8, X=1B, Y=0, S=FB, F=noub DIzc (0C)
(520) $C8ED  49 AA	  EOR #$AA		A=5F, X=1B, Y=0, S=FB, F=noub DIzc (0C)
(522) $C8EF  B0 0B	  BCS $C8FC		A=F5, X=1B, Y=0, S=FB, F=noub DIzc (0C)
(524) $C8F1  10 09	  BPL $C8FC		A=F5, X=1B, Y=0, S=FB, F=noub DIzc (0C)
(527) $C8FC  A2 1C	  LDX #$1C		A=F5, X=1B, Y=0, S=FB, F=noub DIzc (0C)
(529) $C8FE  86 EA	  STX $00		A=F5, X=1C, Y=0, S=FB, F=noub DIzc (0C)
(532) $C900  EA		  NOP 			A=F5, X=1C, Y=0, S=FB, F=noub DIzc (0C)
(534) $C901  38		  SEC 			A=F5, X=1C, Y=0, S=FB, F=noub DIzc (0C)
(536) $C902  B8		  CLV 			A=F5, X=1C, Y=0, S=FB, F=noub DIzC (0D)
(538) $C903  A9 70	  LDA #$70		A=F5, X=1C, Y=0, S=FB, F=noub DIzC (0D)
(540) $C905  49 70	  EOR #$70		A=70, X=1C, Y=0, S=FB, F=noub DIzC (0D)
(542) $C907  D0 09	  BNE $C912		A=0, X=1C, Y=0, S=FB, F=noub DIZC (0F)
(544) $C909  70 07	  BVS $C912		A=0, X=1C, Y=0, S=FB, F=noub DIZC (0F)
(546) $C90B  90 05	  BCC $C912		A=0, X=1C, Y=0, S=FB, F=noub DIZC (0F)
(548) $C90D  30 03	  BMI $C912		A=0, X=1C, Y=0, S=FB, F=noub DIZC (0F)
(550) $C90F  4C 16 C9	  JMP $C916		A=0, X=1C, Y=0, S=FB, F=noub DIZC (0F)
(553) $C916  A=0, X=1C, Y=0, S=FB, F=noub DIZC (0F)
(555) $C917  18		  CLC 			A=0, X=1C, Y=0, S=FB, F=noub DIZC (0F)
(557) $C918  24 A9	  BIT $01		A=0, X=1C, Y=0, S=FB, F=noub DIZc (0E)
(560) $C91A  A9 00	  LDA #$00		A=0, X=1C, Y=0, S=FB, F=noub DIZc (0E)
(562) $C91C  69 69	  ADC #$69		A=0, X=1C, Y=0, S=FB, F=noub DIZc (0E)
(564) $C91E  30 0B	  BMI $C92B		A=69, X=1C, Y=0, S=FB, F=noub DIzc (0C)
(566) $C920  B0 09	  BCS $C92B		A=69, X=1C, Y=0, S=FB, F=noub DIzc (0C)
(568) $C922  C9 69	  CMP #$69		A=69, X=1C, Y=0, S=FB, F=noub DIzc (0C)
(570) $C924  D0 05	  BNE $C92B		A=69, X=1C, Y=0, S=FB, F=noub DIZC (0F)
(572) $C926  70 03	  BVS $C92B		A=69, X=1C, Y=0, S=FB, F=noub DIZC (0F)
(574) $C928  4C 2F C9	  JMP $C92F		A=69, X=1C, Y=0, S=FB, F=noub DIZC (0F)
(577) $C92F  A=69, X=1C, Y=0, S=FB, F=noub DIZC (0F)
(579) $C930  38		  SEC 			A=69, X=1C, Y=0, S=FB, F=noub DIZC (0F)
(581) $C931  F8		  SED 			A=69, X=1C, Y=0, S=FB, F=noub DIZC (0F)
(583) $C932  24 A9	  BIT $01		A=69, X=1C, Y=0, S=FB, F=noub DIZC (0F)
(586) $C934  A9 01	  LDA #$01		A=69, X=1C, Y=0, S=FB, F=noub DIzC (0D)
(588) $C936  69 69	  ADC #$69		A=1, X=1C, Y=0, S=FB, F=noub DIzC (0D)
(590) $C938  30 0B	  BMI $C945		A=6B, X=1C, Y=0, S=FB, F=noub DIzc (0C)
(592) $C93A  B0 09	  BCS $C945		A=6B, X=1C, Y=0, S=FB, F=noub DIzc (0C)
(594) $C93C  C9 6B	  CMP #$6B		A=6B, X=1C, Y=0, S=FB, F=noub DIzc (0C)
(596) $C93E  D0 05	  BNE $C945		A=6B, X=1C, Y=0, S=FB, F=noub DIZC (0F)
(598) $C940  70 03	  BVS $C945		A=6B, X=1C, Y=0, S=FB, F=noub DIZC (0F)
(600) $C942  4C 49 C9	  JMP $C949		A=6B, X=1C, Y=0, S=FB, F=noub DIZC (0F)
(603) $C949  EA		  NOP 			A=6B, X=1C, Y=0, S=FB, F=noub DIZC (0F)
(605) $C94A  D8		  CLD 			A=6B, X=1C, Y=0, S=FB, F=noub DIZC (0F)
(607) $C94B  38		  SEC 			A=6B, X=1C, Y=0, S=FB, F=noub dIZC (07)
(609) $C94C  B8		  CLV 			A=6B, X=1C, Y=0, S=FB, F=noub dIZC (07)
(611) $C94D  A9 7F	  LDA #$7F		A=6B, X=1C, Y=0, S=FB, F=noub dIZC (07)
(613) $C94F  69 7F	  ADC #$7F		A=7F, X=1C, Y=0, S=FB, F=noub dIzC (05)
(615) $C951  10 0B	  BPL $C95E		A=FF, X=1C, Y=0, S=FB, F=noub dIzc (04)
(618) $C95E  A2 20	  LDX #$20		A=FF, X=1C, Y=0, S=FB, F=noub dIzc (04)
(620) $C960  86 EA	  STX $00		A=FF, X=20, Y=0, S=FB, F=noub dIzc (04)
(623) $C962  EA		  NOP 			A=FF, X=20, Y=0, S=FB, F=noub dIzc (04)
(625) $C963  18		  CLC 			A=FF, X=20, Y=0, S=FB, F=noub dIzc (04)
(627) $C964  24 A9	  BIT $01		A=FF, X=20, Y=0, S=FB, F=noub dIzc (04)
(630) $C966  A9 7F	  LDA #$7F		A=FF, X=20, Y=0, S=FB, F=noub dIzc (04)
(632) $C968  69 80	  ADC #$80		A=7F, X=20, Y=0, S=FB, F=noub dIzc (04)
(634) $C96A  10 0B	  BPL $C977		A=FF, X=20, Y=0, S=FB, F=noub dIzc (04)
(637) $C977  A2 21	  LDX #$21		A=FF, X=20, Y=0, S=FB, F=noub dIzc (04)
(639) $C979  86 EA	  STX $00		A=FF, X=21, Y=0, S=FB, F=noub dIzc (04)
(642) $C97B  EA		  NOP 			A=FF, X=21, Y=0, S=FB, F=noub dIzc (04)
(644) $C97C  38		  SEC 			A=FF, X=21, Y=0, S=FB, F=noub dIzc (04)
(646) $C97D  B8		  CLV 			A=FF, X=21, Y=0, S=FB, F=noub dIzC (05)
(648) $C97E  A9 7F	  LDA #$7F		A=FF, X=21, Y=0, S=FB, F=noub dIzC (05)
(650) $C980  69 80	  ADC #$80		A=7F, X=21, Y=0, S=FB, F=noub dIzC (05)
(652) $C982  D0 09	  BNE $C98D		A=0, X=21, Y=0, S=FB, F=noub dIzc (04)
(655) $C98D  A2 22	  LDX #$22		A=0, X=21, Y=0, S=FB, F=noub dIzc (04)
(657) $C98F  86 EA	  STX $00		A=0, X=22, Y=0, S=FB, F=noub dIzc (04)
(660) $C991  EA		  NOP 			A=0, X=22, Y=0, S=FB, F=noub dIzc (04)
(662) $C992  38		  SEC 			A=0, X=22, Y=0, S=FB, F=noub dIzc (04)
(664) $C993  B8		  CLV 			A=0, X=22, Y=0, S=FB, F=noub dIzC (05)
(666) $C994  A9 9F	  LDA #$9F		A=0, X=22, Y=0, S=FB, F=noub dIzC (05)
(668) $C996  F0 09	  BEQ $C9A1		A=9F, X=22, Y=0, S=FB, F=noub dIzC (05)
(670) $C998  10 07	  BPL $C9A1		A=9F, X=22, Y=0, S=FB, F=noub dIzC (05)
(673) $C9A1  A2 23	  LDX #$23		A=9F, X=22, Y=0, S=FB, F=noub dIzC (05)
(675) $C9A3  86 EA	  STX $00		A=9F, X=23, Y=0, S=FB, F=noub dIzC (05)
(678) $C9A5  EA		  NOP 			A=9F, X=23, Y=0, S=FB, F=noub dIzC (05)
(680) $C9A6  18		  CLC 			A=9F, X=23, Y=0, S=FB, F=noub dIzC (05)
(682) $C9A7  24 A9	  BIT $01		A=9F, X=23, Y=0, S=FB, F=noub dIzc (04)
(685) $C9A9  A9 00	  LDA #$00		A=9F, X=23, Y=0, S=FB, F=noub dIzc (04)
(687) $C9AB  D0 09	  BNE $C9B6		A=0, X=23, Y=0, S=FB, F=noub dIZc (06)
(689) $C9AD  30 07	  BMI $C9B6		A=0, X=23, Y=0, S=FB, F=noub dIZc (06)
(691) $C9AF  50 05	  BVC $C9B6		A=0, X=23, Y=0, S=FB, F=noub dIZc (06)
(694) $C9B6  A2 23	  LDX #$23		A=0, X=23, Y=0, S=FB, F=noub dIZc (06)
(696) $C9B8  86 EA	  STX $00		A=0, X=23, Y=0, S=FB, F=noub dIzc (04)
(699) $C9BA  EA		  NOP 			A=0, X=23, Y=0, S=FB, F=noub dIzc (04)
(701) $C9BB  24 A9	  BIT $01		A=0, X=23, Y=0, S=FB, F=noub dIzc (04)
(704) $C9BD  A9 40	  LDA #$40		A=0, X=23, Y=0, S=FB, F=noub dIZc (06)
(706) $C9BF  C9 40	  CMP #$40		A=40, X=23, Y=0, S=FB, F=noub dIzc (04)
(708) $C9C1  30 09	  BMI $C9CC		A=40, X=23, Y=0, S=FB, F=noub dIZC (07)
(710) $C9C3  90 07	  BCC $C9CC		A=40, X=23, Y=0, S=FB, F=noub dIZC (07)
(712) $C9C5  D0 05	  BNE $C9CC		A=40, X=23, Y=0, S=FB, F=noub dIZC (07)
(714) $C9C7  50 03	  BVC $C9CC		A=40, X=23, Y=0, S=FB, F=noub dIZC (07)
(717) $C9CC  A2 24	  LDX #$24		A=40, X=23, Y=0, S=FB, F=noub dIZC (07)
(719) $C9CE  86 EA	  STX $00		A=40, X=24, Y=0, S=FB, F=noub dIzC (05)
(722) $C9D0  EA		  NOP 			A=40, X=24, Y=0, S=FB, F=noub dIzC (05)
(724) $C9D1  B8		  CLV 			A=40, X=24, Y=0, S=FB, F=noub dIzC (05)
(726) $C9D2  C9 3F	  CMP #$3F		A=40, X=24, Y=0, S=FB, F=noub dIzC (05)
(728) $C9D4  F0 09	  BEQ $C9DF		A=40, X=24, Y=0, S=FB, F=noub dIzC (05)
(730) $C9D6  30 07	  BMI $C9DF		A=40, X=24, Y=0, S=FB, F=noub dIzC (05)
(732) $C9D8  90 05	  BCC $C9DF		A=40, X=24, Y=0, S=FB, F=noub dIzC (05)
(734) $C9DA  70 03	  BVS $C9DF		A=40, X=24, Y=0, S=FB, F=noub dIzC (05)
(736) $C9DC  4C E3 C9	  JMP $C9E3		A=40, X=24, Y=0, S=FB, F=noub dIzC (05)
(739) $C9E3  EA		  NOP 			A=40, X=24, Y=0, S=FB, F=noub dIzC (05)
(741) $C9E4  C9 41	  CMP #$41		A=40, X=24, Y=0, S=FB, F=noub dIzC (05)
(743) $C9E6  F0 07	  BEQ $C9EF		A=40, X=24, Y=0, S=FB, F=noub dIzc (04)
(745) $C9E8  10 05	  BPL $C9EF		A=40, X=24, Y=0, S=FB, F=noub dIzc (04)
(748) $C9EF  A2 26	  LDX #$26		A=40, X=24, Y=0, S=FB, F=noub dIzc (04)
(750) $C9F1  86 EA	  STX $00		A=40, X=26, Y=0, S=FB, F=noub dIzc (04)
(753) $C9F3  EA		  NOP 			A=40, X=26, Y=0, S=FB, F=noub dIzc (04)
(755) $C9F4  A9 80	  LDA #$80		A=40, X=26, Y=0, S=FB, F=noub dIzc (04)
(757) $C9F6  C9 00	  CMP #$00		A=80, X=26, Y=0, S=FB, F=noub dIzc (04)
(759) $C9F8  F0 07	  BEQ $CA01		A=80, X=26, Y=0, S=FB, F=noub dIzC (05)
(761) $C9FA  10 05	  BPL $CA01		A=80, X=26, Y=0, S=FB, F=noub dIzC (05)
(765) $CA01  A2 27	  LDX #$27		A=80, X=26, Y=0, S=FB, F=noub dIzC (05)
(767) $CA03  86 EA	  STX $00		A=80, X=27, Y=0, S=FB, F=noub dIzC (05)
(770) $CA05  EA		  NOP 			A=80, X=27, Y=0, S=FB, F=noub dIzC (05)
(772) $CA06  C9 80	  CMP #$80		A=80, X=27, Y=0, S=FB, F=noub dIzC (05)
(774) $CA08  D0 07	  BNE $CA11		A=80, X=27, Y=0, S=FB, F=noub dIZC (07)
(776) $CA0A  30 05	  BMI $CA11		A=80, X=27, Y=0, S=FB, F=noub dIZC (07)
(778) $CA0C  90 03	  BCC $CA11		A=80, X=27, Y=0, S=FB, F=noub dIZC (07)
(780) $CA0E  4C 15 CA	  JMP $CA15		A=80, X=27, Y=0, S=FB, F=noub dIZC (07)
(783) $CA15  EA		  NOP 			A=80, X=27, Y=0, S=FB, F=noub dIZC (07)
(785) $CA16  C9 81	  CMP #$81		A=80, X=27, Y=0, S=FB, F=noub dIZC (07)
(787) $CA18  B0 07	  BCS $CA21		A=80, X=27, Y=0, S=FB, F=noub dIzc (04)
(789) $CA1A  F0 05	  BEQ $CA21		A=80, X=27, Y=0, S=FB, F=noub dIzc (04)
(791) $CA1C  10 03	  BPL $CA21		A=80, X=27, Y=0, S=FB, F=noub dIzc (04)
(794) $CA21  A2 29	  LDX #$29		A=80, X=27, Y=0, S=FB, F=noub dIzc (04)
(796) $CA23  86 EA	  STX $00		A=80, X=29, Y=0, S=FB, F=noub dIzc (04)
(799) $CA25  EA		  NOP 			A=80, X=29, Y=0, S=FB, F=noub dIzc (04)
(801) $CA26  C9 7F	  CMP #$7F		A=80, X=29, Y=0, S=FB, F=noub dIzc (04)
(803) $CA28  90 07	  BCC $CA31		A=80, X=29, Y=0, S=FB, F=noub dIzC (05)
(805) $CA2A  F0 05	  BEQ $CA31		A=80, X=29, Y=0, S=FB, F=noub dIzC (05)
(807) $CA2C  30 03	  BMI $CA31		A=80, X=29, Y=0, S=FB, F=noub dIzC (05)
(809) $CA2E  4C 35 CA	  JMP $CA35		A=80, X=29, Y=0, S=FB, F=noub dIzC (05)
(812) $CA35  EA		  NOP 			A=80, X=29, Y=0, S=FB, F=noub dIzC (05)
(814) $CA36  24 A0	  BIT $01		A=80, X=29, Y=0, S=FB, F=noub dIzC (05)
(817) $CA38  A0 40	  LDY #$40		A=80, X=29, Y=0, S=FB, F=noub dIzC (05)
(819) $CA3A  C0 40	  CPY #$40		A=80, X=29, Y=40, S=FB, F=noub dIzC (05)
(821) $CA3C  D0 09	  BNE $CA47		A=80, X=29, Y=40, S=FB, F=noub dIZC (07)
(823) $CA3E  30 07	  BMI $CA47		A=80, X=29, Y=40, S=FB, F=noub dIZC (07)
(825) $CA40  90 05	  BCC $CA47		A=80, X=29, Y=40, S=FB, F=noub dIZC (07)
(827) $CA42  50 03	  BVC $CA47		A=80, X=29, Y=40, S=FB, F=noub dIZC (07)
(830) $CA47  A2 2B	  LDX #$2B		A=80, X=29, Y=40, S=FB, F=noub dIZC (07)
(832) $CA49  86 EA	  STX $00		A=80, X=2B, Y=40, S=FB, F=noub dIzC (05)
(835) $CA4B  EA		  NOP 			A=80, X=2B, Y=40, S=FB, F=noub dIzC (05)
(837) $CA4C  B8		  CLV 			A=80, X=2B, Y=40, S=FB, F=noub dIzC (05)
(839) $CA4D  C0 3F	  CPY #$3F		A=80, X=2B, Y=40, S=FB, F=noub dIzC (05)
(841) $CA4F  F0 09	  BEQ $CA5A		A=80, X=2B, Y=40, S=FB, F=noub dIzC (05)
(843) $CA51  30 07	  BMI $CA5A		A=80, X=2B, Y=40, S=FB, F=noub dIzC (05)
(845) $CA53  90 05	  BCC $CA5A		A=80, X=2B, Y=40, S=FB, F=noub dIzC (05)
(847) $CA55  70 03	  BVS $CA5A		A=80, X=2B, Y=40, S=FB, F=noub dIzC (05)
(849) $CA57  4C 5E CA	  JMP $CA5E		A=80, X=2B, Y=40, S=FB, F=noub dIzC (05)
(852) $CA5E  EA		  NOP 			A=80, X=2B, Y=40, S=FB, F=noub dIzC (05)
(854) $CA5F  C0 41	  CPY #$41		A=80, X=2B, Y=40, S=FB, F=noub dIzC (05)
(856) $CA61  F0 07	  BEQ $CA6A		A=80, X=2B, Y=40, S=FB, F=noub dIzc (04)
(858) $CA63  10 05	  BPL $CA6A		A=80, X=2B, Y=40, S=FB, F=noub dIzc (04)
(861) $CA6A  A2 2D	  LDX #$2D		A=80, X=2B, Y=40, S=FB, F=noub dIzc (04)
(863) $CA6C  86 EA	  STX $00		A=80, X=2D, Y=40, S=FB, F=noub dIzc (04)
(866) $CA6E  EA		  NOP 			A=80, X=2D, Y=40, S=FB, F=noub dIzc (04)
(868) $CA6F  A0 80	  LDY #$80		A=80, X=2D, Y=40, S=FB, F=noub dIzc (04)
(870) $CA71  C0 00	  CPY #$00		A=80, X=2D, Y=80, S=FB, F=noub dIzc (04)
(872) $CA73  F0 07	  BEQ $CA7C		A=80, X=2D, Y=80, S=FB, F=noub dIzC (05)
(874) $CA75  10 05	  BPL $CA7C		A=80, X=2D, Y=80, S=FB, F=noub dIzC (05)
(877) $CA7C  A2 2E	  LDX #$2E		A=80, X=2D, Y=80, S=FB, F=noub dIzC (05)
(879) $CA7E  86 EA	  STX $00		A=80, X=2E, Y=80, S=FB, F=noub dIzC (05)
(882) $CA80  EA		  NOP 			A=80, X=2E, Y=80, S=FB, F=noub dIzC (05)
(884) $CA81  C0 80	  CPY #$80		A=80, X=2E, Y=80, S=FB, F=noub dIzC (05)
(886) $CA83  D0 07	  BNE $CA8C		A=80, X=2E, Y=80, S=FB, F=noub dIZC (07)
(888) $CA85  30 05	  BMI $CA8C		A=80, X=2E, Y=80, S=FB, F=noub dIZC (07)
(890) $CA87  90 03	  BCC $CA8C		A=80, X=2E, Y=80, S=FB, F=noub dIZC (07)
(892) $CA89  4C 90 CA	  JMP $CA90		A=80, X=2E, Y=80, S=FB, F=noub dIZC (07)
(895) $CA90  EA		  NOP 			A=80, X=2E, Y=80, S=FB, F=noub dIZC (07)
(897) $CA91  C0 81	  CPY #$81		A=80, X=2E, Y=80, S=FB, F=noub dIZC (07)
(899) $CA93  B0 07	  BCS $CA9C		A=80, X=2E, Y=80, S=FB, F=noub dIzc (04)
(901) $CA95  F0 05	  BEQ $CA9C		A=80, X=2E, Y=80, S=FB, F=noub dIzc (04)
(903) $CA97  10 03	  BPL $CA9C		A=80, X=2E, Y=80, S=FB, F=noub dIzc (04)
(906) $CA9C  A2 30	  LDX #$30		A=80, X=2E, Y=80, S=FB, F=noub dIzc (04)
(908) $CA9E  86 EA	  STX $00		A=80, X=30, Y=80, S=FB, F=noub dIzc (04)
(911) $CAA0  EA		  NOP 			A=80, X=30, Y=80, S=FB, F=noub dIzc (04)
(913) $CAA1  C0 7F	  CPY #$7F		A=80, X=30, Y=80, S=FB, F=noub dIzc (04)
(915) $CAA3  90 07	  BCC $CAAC		A=80, X=30, Y=80, S=FB, F=noub dIzC (05)
(917) $CAA5  F0 05	  BEQ $CAAC		A=80, X=30, Y=80, S=FB, F=noub dIzC (05)
(919) $CAA7  30 03	  BMI $CAAC		A=80, X=30, Y=80, S=FB, F=noub dIzC (05)
(921) $CAA9  4C B0 CA	  JMP $CAB0		A=80, X=30, Y=80, S=FB, F=noub dIzC (05)
(924) $CAB0  EA		  NOP 			A=80, X=30, Y=80, S=FB, F=noub dIzC (05)
(926) $CAB1  24 A2	  BIT $01		A=80, X=30, Y=80, S=FB, F=noub dIzC (05)
(929) $CAB3  A2 40	  LDX #$40		A=80, X=30, Y=80, S=FB, F=noub dIzC (05)
(931) $CAB5  E0 40	  CPX #$40		A=80, X=40, Y=80, S=FB, F=noub dIzC (05)
(933) $CAB7  D0 09	  BNE $CAC2		A=80, X=40, Y=80, S=FB, F=noub dIZC (07)
(935) $CAB9  30 07	  BMI $CAC2		A=80, X=40, Y=80, S=FB, F=noub dIZC (07)
(937) $CABB  90 05	  BCC $CAC2		A=80, X=40, Y=80, S=FB, F=noub dIZC (07)
(939) $CABD  50 03	  BVC $CAC2		A=80, X=40, Y=80, S=FB, F=noub dIZC (07)
(942) $CAC2  A9 32	  LDA #$32		A=80, X=40, Y=80, S=FB, F=noub dIZC (07)
(944) $CAC4  85 EA	  STA $00		A=32, X=40, Y=80, S=FB, F=noub dIzC (05)
(947) $CAC6  EA		  NOP 			A=32, X=40, Y=80, S=FB, F=noub dIzC (05)
(949) $CAC7  B8		  CLV 			A=32, X=40, Y=80, S=FB, F=noub dIzC (05)
(951) $CAC8  E0 3F	  CPX #$3F		A=32, X=40, Y=80, S=FB, F=noub dIzC (05)
(953) $CACA  F0 09	  BEQ $CAD5		A=32, X=40, Y=80, S=FB, F=noub dIzC (05)
(955) $CACC  30 07	  BMI $CAD5		A=32, X=40, Y=80, S=FB, F=noub dIzC (05)
(957) $CACE  90 05	  BCC $CAD5		A=32, X=40, Y=80, S=FB, F=noub dIzC (05)
(959) $CAD0  70 03	  BVS $CAD5		A=32, X=40, Y=80, S=FB, F=noub dIzC (05)
(961) $CAD2  4C D9 CA	  JMP $CAD9		A=32, X=40, Y=80, S=FB, F=noub dIzC (05)
(964) $CAD9  EA		  NOP 			A=32, X=40, Y=80, S=FB, F=noub dIzC (05)
(966) $CADA  E0 41	  CPX #$41		A=32, X=40, Y=80, S=FB, F=noub dIzC (05)
(968) $CADC  F0 07	  BEQ $CAE5		A=32, X=40, Y=80, S=FB, F=noub dIzc (04)
(970) $CADE  10 05	  BPL $CAE5		A=32, X=40, Y=80, S=FB, F=noub dIzc (04)
(973) $CAE5  A9 34	  LDA #$34		A=32, X=40, Y=80, S=FB, F=noub dIzc (04)
(975) $CAE7  85 EA	  STA $00		A=34, X=40, Y=80, S=FB, F=noub dIzc (04)
(978) $CAE9  EA		  NOP 			A=34, X=40, Y=80, S=FB, F=noub dIzc (04)
(980) $CAEA  A2 80	  LDX #$80		A=34, X=40, Y=80, S=FB, F=noub dIzc (04)
(982) $CAEC  E0 00	  CPX #$00		A=34, X=80, Y=80, S=FB, F=noub dIzc (04)
(984) $CAEE  F0 07	  BEQ $CAF7		A=34, X=80, Y=80, S=FB, F=noub dIzC (05)
(986) $CAF0  10 05	  BPL $CAF7		A=34, X=80, Y=80, S=FB, F=noub dIzC (05)
(989) $CAF7  A9 35	  LDA #$35		A=34, X=80, Y=80, S=FB, F=noub dIzC (05)
(991) $CAF9  85 EA	  STA $00		A=35, X=80, Y=80, S=FB, F=noub dIzC (05)
(994) $CAFB  EA		  NOP 			A=35, X=80, Y=80, S=FB, F=noub dIzC (05)
(996) $CAFC  E0 80	  CPX #$80		A=35, X=80, Y=80, S=FB, F=noub dIzC (05)
(998) $CAFE  D0 07	  BNE $CB07		A=35, X=80, Y=80, S=FB, F=noub dIZC (07)
(1000) $CB00  30 05	  BMI $CB07		A=35, X=80, Y=80, S=FB, F=noub dIZC (07)
(1002) $CB02  90 03	  BCC $CB07		A=35, X=80, Y=80, S=FB, F=noub dIZC (07)
(1004) $CB04  4C 0B CB	  JMP $CB0B		A=35, X=80, Y=80, S=FB, F=noub dIZC (07)
(1007) $CB0B  EA		  NOP 			A=35, X=80, Y=80, S=FB, F=noub dIZC (07)
(1009) $CB0C  E0 81	  CPX #$81		A=35, X=80, Y=80, S=FB, F=noub dIZC (07)
(1011) $CB0E  B0 07	  BCS $CB17		A=35, X=80, Y=80, S=FB, F=noub dIzc (04)
(1013) $CB10  F0 05	  BEQ $CB17		A=35, X=80, Y=80, S=FB, F=noub dIzc (04)
(1015) $CB12  10 03	  BPL $CB17		A=35, X=80, Y=80, S=FB, F=noub dIzc (04)
(1018) $CB17  A9 37	  LDA #$37		A=35, X=80, Y=80, S=FB, F=noub dIzc (04)
(1020) $CB19  85 EA	  STA $00		A=37, X=80, Y=80, S=FB, F=noub dIzc (04)
(1023) $CB1B  EA		  NOP 			A=37, X=80, Y=80, S=FB, F=noub dIzc (04)
(1025) $CB1C  E0 7F	  CPX #$7F		A=37, X=80, Y=80, S=FB, F=noub dIzc (04)
(1027) $CB1E  90 07	  BCC $CB27		A=37, X=80, Y=80, S=FB, F=noub dIzC (05)
(1029) $CB20  F0 05	  BEQ $CB27		A=37, X=80, Y=80, S=FB, F=noub dIzC (05)
(1031) $CB22  30 03	  BMI $CB27		A=37, X=80, Y=80, S=FB, F=noub dIzC (05)
(1033) $CB24  4C 2B CB	  JMP $CB2B		A=37, X=80, Y=80, S=FB, F=noub dIzC (05)
(1036) $CB2B  EA		  NOP 			A=37, X=80, Y=80, S=FB, F=noub dIzC (05)
(1038) $CB2C  38		  SEC 			A=37, X=80, Y=80, S=FB, F=noub dIzC (05)
(1040) $CB2D  B8		  CLV 			A=37, X=80, Y=80, S=FB, F=noub dIzC (05)
(1042) $CB2E  A2 9F	  LDX #$9F		A=37, X=80, Y=80, S=FB, F=noub dIzC (05)
(1044) $CB30  F0 09	  BEQ $CB3B		A=37, X=9F, Y=80, S=FB, F=noub dIzC (05)
(1046) $CB32  10 07	  BPL $CB3B		A=37, X=9F, Y=80, S=FB, F=noub dIzC (05)
(1049) $CB3B  A2 39	  LDX #$39		A=37, X=9F, Y=80, S=FB, F=noub dIzC (05)
(1051) $CB3D  86 EA	  STX $00		A=37, X=39, Y=80, S=FB, F=noub dIzC (05)
(1054) $CB3F  EA		  NOP 			A=37, X=39, Y=80, S=FB, F=noub dIzC (05)
(1056) $CB40  18		  CLC 			A=37, X=39, Y=80, S=FB, F=noub dIzC (05)
(1058) $CB41  24 A2	  BIT $01		A=37, X=39, Y=80, S=FB, F=noub dIzc (04)
(1061) $CB43  A2 00	  LDX #$00		A=37, X=39, Y=80, S=FB, F=noub dIzc (04)
(1063) $CB45  D0 09	  BNE $CB50		A=37, X=0, Y=80, S=FB, F=noub dIZc (06)
(1065) $CB47  30 07	  BMI $CB50		A=37, X=0, Y=80, S=FB, F=noub dIZc (06)
(1067) $CB49  50 05	  BVC $CB50		A=37, X=0, Y=80, S=FB, F=noub dIZc (06)
(1070) $CB50  A2 3A	  LDX #$3A		A=37, X=0, Y=80, S=FB, F=noub dIZc (06)
(1072) $CB52  86 EA	  STX $00		A=37, X=3A, Y=80, S=FB, F=noub dIzc (04)
(1075) $CB54  EA		  NOP 			A=37, X=3A, Y=80, S=FB, F=noub dIzc (04)
(1077) $CB55  38		  SEC 			A=37, X=3A, Y=80, S=FB, F=noub dIzc (04)
(1079) $CB56  B8		  CLV 			A=37, X=3A, Y=80, S=FB, F=noub dIzC (05)
(1081) $CB57  A0 9F	  LDY #$9F		A=37, X=3A, Y=80, S=FB, F=noub dIzC (05)
(1083) $CB59  F0 09	  BEQ $CB64		A=37, X=3A, Y=9F, S=FB, F=noub dIzC (05)
(1085) $CB5B  10 07	  BPL $CB64		A=37, X=3A, Y=9F, S=FB, F=noub dIzC (05)
(1088) $CB64  A2 3B	  LDX #$3B		A=37, X=3A, Y=9F, S=FB, F=noub dIzC (05)
(1090) $CB66  86 EA	  STX $00		A=37, X=3B, Y=9F, S=FB, F=noub dIzC (05)
(1093) $CB68  EA		  NOP 			A=37, X=3B, Y=9F, S=FB, F=noub dIzC (05)
(1095) $CB69  18		  CLC 			A=37, X=3B, Y=9F, S=FB, F=noub dIzC (05)
(1097) $CB6A  24 A0	  BIT $01		A=37, X=3B, Y=9F, S=FB, F=noub dIzc (04)
(1100) $CB6C  A0 00	  LDY #$00		A=37, X=3B, Y=9F, S=FB, F=noub dIzc (04)
(1102) $CB6E  D0 09	  BNE $CB79		A=37, X=3B, Y=0, S=FB, F=noub dIZc (06)
(1104) $CB70  30 07	  BMI $CB79		A=37, X=3B, Y=0, S=FB, F=noub dIZc (06)
(1106) $CB72  50 05	  BVC $CB79		A=37, X=3B, Y=0, S=FB, F=noub dIZc (06)
(1109) $CB79  A=37, X=3B, Y=0, S=FB, F=noub dIZc (06)
(1111) $CB7B  86 EA	  STX $00		A=37, X=3C, Y=0, S=FB, F=noub dIzc (04)
(1114) $CB7D  EA		  NOP 			A=37, X=3C, Y=0, S=FB, F=noub dIzc (04)
(1116) $CB7E  A9 55	  LDA #$55		A=37, X=3C, Y=0, S=FB, F=noub dIzc (04)
(1118) $CB80  A2 AA	  LDX #$AA		A=55, X=3C, Y=0, S=FB, F=noub dIzc (04)
(1120) $CB82  A0 33	  LDY #$33		A=55, X=AA, Y=0, S=FB, F=noub dIzc (04)
(1122) $CB84  C9 55	  CMP #$55		A=55, X=AA, Y=33, S=FB, F=noub dIzc (04)
(1124) $CB86  D0 23	  BNE $CBAB		A=55, X=AA, Y=33, S=FB, F=noub dIZC (07)
(1126) $CB88  E0 AA	  CPX #$AA		A=55, X=AA, Y=33, S=FB, F=noub dIZC (07)
(1128) $CB8A  D0 1F	  BNE $CBAB		A=55, X=AA, Y=33, S=FB, F=noub dIZC (07)
(1130) $CB8C  C0 33	  CPY #$33		A=55, X=AA, Y=33, S=FB, F=noub dIZC (07)
(1132) $CB8E  D0 1B	  BNE $CBAB		A=55, X=AA, Y=33, S=FB, F=noub dIZC (07)
(1134) $CB90  C9 55	  CMP #$55		A=55, X=AA, Y=33, S=FB, F=noub dIZC (07)
(1136) $CB92  D0 17	  BNE $CBAB		A=55, X=AA, Y=33, S=FB, F=noub dIZC (07)
(1138) $CB94  E0 AA	  CPX #$AA		A=55, X=AA, Y=33, S=FB, F=noub dIZC (07)
(1140) $CB96  D0 13	  BNE $CBAB		A=55, X=AA, Y=33, S=FB, F=noub dIZC (07)
(1142) $CB98  C0 33	  CPY #$33		A=55, X=AA, Y=33, S=FB, F=noub dIZC (07)
(1144) $CB9A  D0 0F	  BNE $CBAB		A=55, X=AA, Y=33, S=FB, F=noub dIZC (07)
(1146) $CB9C  C9 56	  CMP #$56		A=55, X=AA, Y=33, S=FB, F=noub dIZC (07)
(1148) $CB9E  F0 0B	  BEQ $CBAB		A=55, X=AA, Y=33, S=FB, F=noub dIzc (04)
(1150) $CBA0  E0 AB	  CPX #$AB		A=55, X=AA, Y=33, S=FB, F=noub dIzc (04)
(1152) $CBA2  F0 07	  BEQ $CBAB		A=55, X=AA, Y=33, S=FB, F=noub dIzc (04)
(1154) $CBA4  C0 34	  CPY #$34		A=55, X=AA, Y=33, S=FB, F=noub dIzc (04)
(1156) $CBA6  F0 03	  BEQ $CBAB		A=55, X=AA, Y=33, S=FB, F=noub dIzc (04)
(1158) $CBA8  4C AF CB	  JMP $CBAF		A=55, X=AA, Y=33, S=FB, F=noub dIzc (04)
(1161) $CBAF  A=55, X=AA, Y=33, S=FB, F=noub dIzc (04)
(1163) $CBB1  20 31 F9	  JSR $F931		A=55, X=AA, Y=71, S=FB, F=noub dIzc (04)
(1169) $F931  24 A9	  BIT $01		A=55, X=AA, Y=71, S=F9, F=noub dIzc (04)
(1172) $F933  A9 40	  LDA #$40		A=55, X=AA, Y=71, S=F9, F=noub dIzc (04)
(1174) $F935  38		  SEC 			A=40, X=AA, Y=71, S=F9, F=noub dIzc (04)
(1176) $F936  60		  RTS 			A=40, X=AA, Y=71, S=F9, F=noub dIzC (05)
(1182) $CBB4  E9 40	  SBC #$40		A=40, X=AA, Y=71, S=FB, F=noub dIzC (05)
(1184) $CBB6  20 37 F9	  JSR $F937		A=FF, X=AA, Y=71, S=FB, F=noub dIzc (04)
(1190) $F937  30 0B	  BMI $F944		A=FF, X=AA, Y=71, S=F9, F=noub dIzc (04)
(1192) $F939  90 09	  BCC $F944		A=FF, X=AA, Y=71, S=F9, F=noub dIzc (04)
(1195) $F944  84 60	  STY $00		A=FF, X=AA, Y=71, S=F9, F=noub dIzc (04)
(1198) $F946  60		  RTS 			A=FF, X=AA, Y=71, S=F9, F=noub dIzc (04)
(1204) $CBB9  C8		  INY 			A=FF, X=AA, Y=71, S=FB, F=noub dIzc (04)
(1206) $CBBA  20 47 F9	  JSR $F947		A=FF, X=AA, Y=72, S=FB, F=noub dIzc (04)
(1212) $F947  B8		  CLV 			A=FF, X=AA, Y=72, S=F9, F=noub dIzc (04)
(1214) $F948  38		  SEC 			A=FF, X=AA, Y=72, S=F9, F=noub dIzc (04)
(1216) $F949  A9 40	  LDA #$40		A=FF, X=AA, Y=72, S=F9, F=noub dIzC (05)
(1218) $F94B  60		  RTS 			A=40, X=AA, Y=72, S=F9, F=noub dIzC (05)
(1224) $CBBD  E9 3F	  SBC #$3F		A=40, X=AA, Y=72, S=FB, F=noub dIzC (05)
(1226) $CBBF  20 4C F9	  JSR $F94C		A=0, X=AA, Y=72, S=FB, F=noub dIZc (06)
(1232) $F94C  F0 0B	  BEQ $F959		A=0, X=AA, Y=72, S=F9, F=noub dIZc (06)
(1235) $F959  84 60	  STY $00		A=0, X=AA, Y=72, S=F9, F=noub dIZc (06)
(1238) $F95B  60		  RTS 			A=0, X=AA, Y=72, S=F9, F=noub dIZc (06)
(1244) $CBC2  C8		  INY 			A=0, X=AA, Y=72, S=FB, F=noub dIZc (06)
(1246) $CBC3  20 5C F9	  JSR $F95C		A=0, X=AA, Y=73, S=FB, F=noub dIzc (04)
(1252) $F95C  A9 40	  LDA #$40		A=0, X=AA, Y=73, S=F9, F=noub dIzc (04)
(1254) $F95E  38		  SEC 			A=40, X=AA, Y=73, S=F9, F=noub dIzc (04)
(1256) $F95F  24 60	  BIT $01		A=40, X=AA, Y=73, S=F9, F=noub dIzC (05)
(1259) $F961  60		  RTS 			A=40, X=AA, Y=73, S=F9, F=noub dIzC (05)
(1265) $CBC6  E9 41	  SBC #$41		A=40, X=AA, Y=73, S=FB, F=noub dIzC (05)
(1267) $CBC8  20 62 F9	  JSR $F962		A=FE, X=AA, Y=73, S=FB, F=noub dIzc (04)
(1273) $F962  B0 0B	  BCS $F96F		A=FE, X=AA, Y=73, S=F9, F=noub dIzc (04)
(1275) $F964  F0 09	  BEQ $F96F		A=FE, X=AA, Y=73, S=F9, F=noub dIzc (04)
(1277) $F966  10 07	  BPL $F96F		A=FE, X=AA, Y=73, S=F9, F=noub dIzc (04)
(1280) $F96F  84 60	  STY $00		A=FE, X=AA, Y=73, S=F9, F=noub dIzc (04)
(1283) $F971  60		  RTS 			A=FE, X=AA, Y=73, S=F9, F=noub dIzc (04)
(1289) $CBCB  C8		  INY 			A=FE, X=AA, Y=73, S=FB, F=noub dIzc (04)
(1291) $CBCC  20 72 F9	  JSR $F972		A=FE, X=AA, Y=74, S=FB, F=noub dIzc (04)
(1297) $F972  18		  CLC 			A=FE, X=AA, Y=74, S=F9, F=noub dIzc (04)
(1299) $F973  A9 80	  LDA #$80		A=FE, X=AA, Y=74, S=F9, F=noub dIzc (04)
(1301) $F975  60		  RTS 			A=80, X=AA, Y=74, S=F9, F=noub dIzc (04)
(1307) $CBCF  E9 00	  SBC #$00		A=80, X=AA, Y=74, S=FB, F=noub dIzc (04)
(1309) $CBD1  20 76 F9	  JSR $F976		A=80, X=AA, Y=74, S=FB, F=noub dIzc (04)
(1315) $F976  90 05	  BCC $F97D		A=80, X=AA, Y=74, S=F9, F=noub dIzc (04)
(1318) $F97D  84 60	  STY $00		A=80, X=AA, Y=74, S=F9, F=noub dIzc (04)
(1321) $F97F  60		  RTS 			A=80, X=AA, Y=74, S=F9, F=noub dIzc (04)
(1327) $CBD4  C8		  INY 			A=80, X=AA, Y=74, S=FB, F=noub dIzc (04)
(1329) $CBD5  20 80 F9	  JSR $F980		A=80, X=AA, Y=75, S=FB, F=noub dIzc (04)
(1335) $F980  38		  SEC 			A=80, X=AA, Y=75, S=F9, F=noub dIzc (04)
(1337) $F981  A9 81	  LDA #$81		A=80, X=AA, Y=75, S=F9, F=noub dIzC (05)
(1339) $F983  60		  RTS 			A=81, X=AA, Y=75, S=F9, F=noub dIzC (05)
(1345) $CBD8  E9 7F	  SBC #$7F		A=81, X=AA, Y=75, S=FB, F=noub dIzC (05)
(1347) $CBDA  20 84 F9	  JSR $F984		A=1, X=AA, Y=75, S=FB, F=noub dIzc (04)
(1353) $F984  50 07	  BVC $F98D		A=1, X=AA, Y=75, S=F9, F=noub dIzc (04)
(1356) $F98D  84 60	  STY $00		A=1, X=AA, Y=75, S=F9, F=noub dIzc (04)
(1359) $F98F  60		  RTS 			A=1, X=AA, Y=75, S=F9, F=noub dIzc (04)
(1365) $CBDD  60		  RTS 			A=1, X=AA, Y=75, S=FB, F=noub dIzc (04)
(1371) $C606  20 DE CB	  JSR $CBDE		A=1, X=AA, Y=75, S=FD, F=noub dIzc (04)
(1377) $CBDE  EA		  NOP 			A=1, X=AA, Y=75, S=FB, F=noub dIzc (04)
(1379) $CBDF  A9 FF	  LDA #$FF		A=1, X=AA, Y=75, S=FB, F=noub dIzc (04)
(1381) $CBE1  85 A9	  STA $01		A=FF, X=AA, Y=75, S=FB, F=noub dIzc (04)
(1384) $CBE3  A9 44	  LDA #$44		A=FF, X=AA, Y=75, S=FB, F=noub dIzc (04)
(1386) $CBE5  A2 55	  LDX #$55		A=44, X=AA, Y=75, S=FB, F=noub dIzc (04)
(1388) $CBE7  A0 66	  LDY #$66		A=44, X=55, Y=75, S=FB, F=noub dIzc (04)
(1390) $CBE9  E8		  INX 			A=44, X=55, Y=66, S=FB, F=noub dIzc (04)
(1392) $CBEA  88		  DEY 			A=44, X=56, Y=66, S=FB, F=noub dIzc (04)
(1394) $CBEB  E0 56	  CPX #$56		A=44, X=56, Y=65, S=FB, F=noub dIzc (04)
(1396) $CBED  D0 21	  BNE $CC10		A=44, X=56, Y=65, S=FB, F=noub dIZC (07)
(1398) $CBEF  C0 65	  CPY #$65		A=44, X=56, Y=65, S=FB, F=noub dIZC (07)
(1400) $CBF1  D0 1D	  BNE $CC10		A=44, X=56, Y=65, S=FB, F=noub dIZC (07)
(1402) $CBF3  A=44, X=56, Y=65, S=FB, F=noub dIZC (07)
(1404) $CBF4  A=44, X=57, Y=65, S=FB, F=noub dIzC (05)
(1406) $CBF5  A=44, X=58, Y=65, S=FB, F=noub dIzC (05)
(1408) $CBF6  88		  DEY 			A=44, X=58, Y=64, S=FB, F=noub dIzC (05)
(1410) $CBF7  E0 58	  CPX #$58		A=44, X=58, Y=63, S=FB, F=noub dIzC (05)
(1412) $CBF9  D0 15	  BNE $CC10		A=44, X=58, Y=63, S=FB, F=noub dIZC (07)
(1414) $CBFB  C0 63	  CPY #$63		A=44, X=58, Y=63, S=FB, F=noub dIZC (07)
(1416) $CBFD  D0 11	  BNE $CC10		A=44, X=58, Y=63, S=FB, F=noub dIZC (07)
(1418) $CBFF  CA		  DEX 			A=44, X=58, Y=63, S=FB, F=noub dIZC (07)
(1420) $CC00  C8		  INY 			A=44, X=57, Y=63, S=FB, F=noub dIzC (05)
(1422) $CC01  E0 57	  CPX #$57		A=44, X=57, Y=64, S=FB, F=noub dIzC (05)
(1424) $CC03  D0 0B	  BNE $CC10		A=44, X=57, Y=64, S=FB, F=noub dIZC (07)
(1426) $CC05  C0 64	  CPY #$64		A=44, X=57, Y=64, S=FB, F=noub dIZC (07)
(1428) $CC07  D0 07	  BNE $CC10		A=44, X=57, Y=64, S=FB, F=noub dIZC (07)
(1430) $CC09  C9 44	  CMP #$44		A=44, X=57, Y=64, S=FB, F=noub dIZC (07)
(1432) $CC0B  D0 03	  BNE $CC10		A=44, X=57, Y=64, S=FB, F=noub dIZC (07)
(1434) $CC0D  4C 14 CC	  JMP $CC14		A=44, X=57, Y=64, S=FB, F=noub dIZC (07)
(1437) $CC14  A=44, X=57, Y=64, S=FB, F=noub dIZC (07)
(1439) $CC15  38		  SEC 			A=44, X=57, Y=64, S=FB, F=noub dIZC (07)
(1441) $CC16  A2 69	  LDX #$69		A=44, X=57, Y=64, S=FB, F=noub dIZC (07)
(1443) $CC18  A9 96	  LDA #$96		A=44, X=69, Y=64, S=FB, F=noub dIzC (05)
(1445) $CC1A  24 A0	  BIT $01		A=96, X=69, Y=64, S=FB, F=noub dIzC (05)
(1448) $CC1C  A0 FF	  LDY #$FF		A=96, X=69, Y=64, S=FB, F=noub dIzC (05)
(1450) $CC1E  C8		  INY 			A=96, X=69, Y=FF, S=FB, F=noub dIzC (05)
(1452) $CC1F  D0 3D	  BNE $CC5E		A=96, X=69, Y=0, S=FB, F=noub dIZC (07)
(1454) $CC21  A=96, X=69, Y=0, S=FB, F=noub dIZC (07)
(1456) $CC23  A=96, X=69, Y=0, S=FB, F=noub dIZC (07)
(1458) $CC25  50 37	  BVC $CC5E		A=96, X=69, Y=0, S=FB, F=noub dIZC (07)
(1461) $CC5E  A2 3F	  LDX #$3F		A=96, X=69, Y=0, S=FB, F=noub dIZC (07)
(1463) $CC60  86 EA	  STX $00		A=96, X=3F, Y=0, S=FB, F=noub dIzC (05)
(1466) $CC62  EA		  NOP 			A=96, X=3F, Y=0, S=FB, F=noub dIzC (05)
(1468) $CC63  38		  SEC 			A=96, X=3F, Y=0, S=FB, F=noub dIzC (05)
(1470) $CC64  A0 69	  LDY #$69		A=96, X=3F, Y=0, S=FB, F=noub dIzC (05)
(1472) $CC66  A9 96	  LDA #$96		A=96, X=3F, Y=69, S=FB, F=noub dIzC (05)
(1474) $CC68  24 A2	  BIT $01		A=96, X=3F, Y=69, S=FB, F=noub dIzC (05)
(1477) $CC6A  A2 FF	  LDX #$FF		A=96, X=3F, Y=69, S=FB, F=noub dIzC (05)
(1479) $CC6C  E8		  INX 			A=96, X=FF, Y=69, S=FB, F=noub dIzC (05)
(1481) $CC6D  D0 3D	  BNE $CCAC		A=96, X=0, Y=69, S=FB, F=noub dIZC (07)
(1483) $CC6F  A=96, X=0, Y=69, S=FB, F=noub dIZC (07)
(1485) $CC71  A=96, X=0, Y=69, S=FB, F=noub dIZC (07)
(1487) $CC73  50 37	  BVC $CCAC		A=96, X=0, Y=69, S=FB, F=noub dIZC (07)
(1490) $CCAC  A2 40	  LDX #$40		A=96, X=0, Y=69, S=FB, F=noub dIZC (07)
(1492) $CCAE  86 EA	  STX $00		A=96, X=40, Y=69, S=FB, F=noub dIzC (05)
(1495) $CCB0  EA		  NOP 			A=96, X=40, Y=69, S=FB, F=noub dIzC (05)
(1497) $CCB1  A9 85	  LDA #$85		A=96, X=40, Y=69, S=FB, F=noub dIzC (05)
(1499) $CCB3  A2 34	  LDX #$34		A=85, X=40, Y=69, S=FB, F=noub dIzC (05)
(1501) $CCB5  A0 99	  LDY #$99		A=85, X=34, Y=69, S=FB, F=noub dIzC (05)
(1503) $CCB7  18		  CLC 			A=85, X=34, Y=99, S=FB, F=noub dIzC (05)
(1505) $CCB8  24 A8	  BIT $01		A=85, X=34, Y=99, S=FB, F=noub dIzc (04)
(1508) $CCBA  A8		  TAY 			A=85, X=34, Y=99, S=FB, F=noub dIzc (04)
(1510) $CCBB  F0 2E	  BEQ $CCEB		A=85, X=34, Y=85, S=FB, F=noub dIzc (04)
(1512) $CCBD  B0 2C	  BCS $CCEB		A=85, X=34, Y=85, S=FB, F=noub dIzc (04)
(1514) $CCBF  50 2A	  BVC $CCEB		A=85, X=34, Y=85, S=FB, F=noub dIzc (04)
(1517) $CCEB  A2 41	  LDX #$41		A=85, X=34, Y=85, S=FB, F=noub dIzc (04)
(1519) $CCED  86 EA	  STX $00		A=85, X=41, Y=85, S=FB, F=noub dIzc (04)
(1522) $CCEF  EA		  NOP 			A=85, X=41, Y=85, S=FB, F=noub dIzc (04)
(1524) $CCF0  A9 85	  LDA #$85		A=85, X=41, Y=85, S=FB, F=noub dIzc (04)
(1526) $CCF2  A2 34	  LDX #$34		A=85, X=41, Y=85, S=FB, F=noub dIzc (04)
(1528) $CCF4  A0 99	  LDY #$99		A=85, X=34, Y=85, S=FB, F=noub dIzc (04)
(1530) $CCF6  18		  CLC 			A=85, X=34, Y=99, S=FB, F=noub dIzc (04)
(1532) $CCF7  24 AA	  BIT $01		A=85, X=34, Y=99, S=FB, F=noub dIzc (04)
(1535) $CCF9  AA		  TAX 			A=85, X=34, Y=99, S=FB, F=noub dIzc (04)
(1537) $CCFA  F0 2E	  BEQ $CD2A		A=85, X=85, Y=99, S=FB, F=noub dIzc (04)
(1539) $CCFC  B0 2C	  BCS $CD2A		A=85, X=85, Y=99, S=FB, F=noub dIzc (04)
(1541) $CCFE  50 2A	  BVC $CD2A		A=85, X=85, Y=99, S=FB, F=noub dIzc (04)
(1544) $CD2A  A2 42	  LDX #$42		A=85, X=85, Y=99, S=FB, F=noub dIzc (04)
(1546) $CD2C  86 EA	  STX $00		A=85, X=42, Y=99, S=FB, F=noub dIzc (04)
(1549) $CD2E  EA		  NOP 			A=85, X=42, Y=99, S=FB, F=noub dIzc (04)
(1551) $CD2F  A9 85	  LDA #$85		A=85, X=42, Y=99, S=FB, F=noub dIzc (04)
(1553) $CD31  A2 34	  LDX #$34		A=85, X=42, Y=99, S=FB, F=noub dIzc (04)
(1555) $CD33  A0 99	  LDY #$99		A=85, X=34, Y=99, S=FB, F=noub dIzc (04)
(1557) $CD35  18		  CLC 			A=85, X=34, Y=99, S=FB, F=noub dIzc (04)
(1559) $CD36  24 98	  BIT $01		A=85, X=34, Y=99, S=FB, F=noub dIzc (04)
(1562) $CD38  98		  TYA 			A=85, X=34, Y=99, S=FB, F=noub dIzc (04)
(1564) $CD39  F0 2E	  BEQ $CD69		A=99, X=34, Y=99, S=FB, F=noub dIzc (04)
(1566) $CD3B  B0 2C	  BCS $CD69		A=99, X=34, Y=99, S=FB, F=noub dIzc (04)
(1568) $CD3D  50 2A	  BVC $CD69		A=99, X=34, Y=99, S=FB, F=noub dIzc (04)
(1571) $CD69  A2 43	  LDX #$43		A=99, X=34, Y=99, S=FB, F=noub dIzc (04)
(1573) $CD6B  86 EA	  STX $00		A=99, X=43, Y=99, S=FB, F=noub dIzc (04)
(1576) $CD6D  EA		  NOP 			A=99, X=43, Y=99, S=FB, F=noub dIzc (04)
(1578) $CD6E  A9 85	  LDA #$85		A=99, X=43, Y=99, S=FB, F=noub dIzc (04)
(1580) $CD70  A2 34	  LDX #$34		A=85, X=43, Y=99, S=FB, F=noub dIzc (04)
(1582) $CD72  A0 99	  LDY #$99		A=85, X=34, Y=99, S=FB, F=noub dIzc (04)
(1584) $CD74  18		  CLC 			A=85, X=34, Y=99, S=FB, F=noub dIzc (04)
(1586) $CD75  24 8A	  BIT $01		A=85, X=34, Y=99, S=FB, F=noub dIzc (04)
(1589) $CD77  8A		  TXA 			A=85, X=34, Y=99, S=FB, F=noub dIzc (04)
(1591) $CD78  F0 2E	  BEQ $CDA8		A=34, X=34, Y=99, S=FB, F=noub dIzc (04)
(1593) $CD7A  B0 2C	  BCS $CDA8		A=34, X=34, Y=99, S=FB, F=noub dIzc (04)
(1595) $CD7C  50 2A	  BVC $CDA8		A=34, X=34, Y=99, S=FB, F=noub dIzc (04)
(1598) $CDA8  A2 44	  LDX #$44		A=34, X=34, Y=99, S=FB, F=noub dIzc (04)
(1600) $CDAA  86 EA	  STX $00		A=34, X=44, Y=99, S=FB, F=noub dIzc (04)
(1603) $CDAC  EA		  NOP 			A=34, X=44, Y=99, S=FB, F=noub dIzc (04)
(1605) $CDAD  BA		  TSX 			A=34, X=44, Y=99, S=FB, F=noub dIzc (04)
(1607) $CDAE  8E FF 07	  STX $07FF		A=34, X=FB, Y=99, S=FB, F=noub dIzc (04)
(1611) $CDB1  A0 33	  LDY #$33		A=34, X=FB, Y=99, S=FB, F=noub dIzc (04)
(1613) $CDB3  A2 69	  LDX #$69		A=34, X=FB, Y=33, S=FB, F=noub dIzc (04)
(1615) $CDB5  A9 84	  LDA #$84		A=34, X=69, Y=33, S=FB, F=noub dIzc (04)
(1617) $CDB7  18		  CLC 			A=84, X=69, Y=33, S=FB, F=noub dIzc (04)
(1619) $CDB8  24 9A	  BIT $01		A=84, X=69, Y=33, S=FB, F=noub dIzc (04)
(1622) $CDBA  9A		  TXS 			A=84, X=69, Y=33, S=FB, F=noub dIzc (04)
(1624) $CDBB  F0 32	  BEQ $CDEF		A=84, X=69, Y=33, S=69, F=noub dIzc (04)
(1626) $CDBD  10 30	  BPL $CDEF		A=84, X=69, Y=33, S=69, F=noub dIzc (04)
(1629) $CDEF  A2 45	  LDX #$45		A=84, X=69, Y=33, S=69, F=noub dIzc (04)
(1631) $CDF1  86 AE	  STX $00		A=84, X=45, Y=33, S=69, F=noub dIzc (04)
(1634) $CDF3  AE FF 07	  LDX $07FF		A=84, X=45, Y=33, S=69, F=noub dIzc (04)
(1638) $CDF6  9A		  TXS 			A=84, X=FB, Y=33, S=69, F=noub dIzc (04)
(1640) $CDF7  60		  RTS 			A=84, X=FB, Y=33, S=FB, F=noub dIzc (04)
(1646) $C609  A=84, X=FB, Y=33, S=FD, F=noub dIzc (04)
(1652) $CDF8  A9 FF	  LDA #$FF		A=84, X=FB, Y=33, S=FB, F=noub dIzc (04)
(1654) $CDFA  85 BA	  STA $01		A=FF, X=FB, Y=33, S=FB, F=noub dIzc (04)
(1657) $CDFC  BA		  TSX 			A=FF, X=FB, Y=33, S=FB, F=noub dIzc (04)
(1659) $CDFD  8E FF 07	  STX $07FF		A=FF, X=FB, Y=33, S=FB, F=noub dIzc (04)
(1663) $CE00  EA		  NOP 			A=FF, X=FB, Y=33, S=FB, F=noub dIzc (04)
(1665) $CE01  A2 80	  LDX #$80		A=FF, X=FB, Y=33, S=FB, F=noub dIzc (04)
(1667) $CE03  9A		  TXS 			A=FF, X=80, Y=33, S=FB, F=noub dIzc (04)
(1669) $CE04  A9 33	  LDA #$33		A=FF, X=80, Y=33, S=80, F=noub dIzc (04)
(1671) $CE06  48		  PHA 			A=33, X=80, Y=33, S=80, F=noub dIzc (04)
(1674) $CE07  A9 69	  LDA #$69		A=33, X=80, Y=33, S=7F, F=noub dIzc (04)
(1676) $CE09  48		  PHA 			A=69, X=80, Y=33, S=7F, F=noub dIzc (04)
(1679) $CE0A  BA		  TSX 			A=69, X=80, Y=33, S=7E, F=noub dIzc (04)
(1681) $CE0B  E0 7E	  CPX #$7E		A=69, X=7E, Y=33, S=7E, F=noub dIzc (04)
(1683) $CE0D  A=69, X=7E, Y=33, S=7E, F=noub dIZC (07)
(1685) $CE0F  A=69, X=7E, Y=33, S=7E, F=noub dIZC (07)
(1689) $CE10  C9 69	  CMP #$69		A=69, X=7E, Y=33, S=7F, F=noub dIzC (05)
(1691) $CE12  D0 1B	  BNE $CE2F		A=69, X=7E, Y=33, S=7F, F=noub dIZC (07)
(1693) $CE14  68		  PLA 			A=69, X=7E, Y=33, S=7F, F=noub dIZC (07)
(1697) $CE15  C9 33	  CMP #$33		A=33, X=7E, Y=33, S=80, F=noub dIzC (05)
(1699) $CE17  D0 16	  BNE $CE2F		A=33, X=7E, Y=33, S=80, F=noub dIZC (07)
(1701) $CE19  BA		  TSX 			A=33, X=7E, Y=33, S=80, F=noub dIZC (07)
(1703) $CE1A  E0 80	  CPX #$80		A=33, X=80, Y=33, S=80, F=noub dIzC (05)
(1705) $CE1C  D0 11	  BNE $CE2F		A=33, X=80, Y=33, S=80, F=noub dIZC (07)
(1707) $CE1E  AD 80 01	  LDA $0180		A=33, X=80, Y=33, S=80, F=noub dIZC (07)
(1711) $CE21  C9 33	  CMP #$33		A=33, X=80, Y=33, S=80, F=noub dIzC (05)
(1713) $CE23  D0 0A	  BNE $CE2F		A=33, X=80, Y=33, S=80, F=noub dIZC (07)
(1715) $CE25  AD 7F 01	  LDA $017F		A=33, X=80, Y=33, S=80, F=noub dIZC (07)
(1719) $CE28  C9 69	  CMP #$69		A=69, X=80, Y=33, S=80, F=noub dIzC (05)
(1721) $CE2A  D0 03	  BNE $CE2F		A=69, X=80, Y=33, S=80, F=noub dIZC (07)
(1723) $CE2C  4C 33 CE	  JMP $CE33		A=69, X=80, Y=33, S=80, F=noub dIZC (07)
(1726) $CE33  EA		  NOP 			A=69, X=80, Y=33, S=80, F=noub dIZC (07)
(1728) $CE34  A2 80	  LDX #$80		A=69, X=80, Y=33, S=80, F=noub dIZC (07)
(1730) $CE36  9A		  TXS 			A=69, X=80, Y=33, S=80, F=noub dIzC (05)
(1732) $CE37  20 3D CE	  JSR $CE3D		A=69, X=80, Y=33, S=80, F=noub dIzC (05)
(1738) $CE3D  BA		  TSX 			A=69, X=80, Y=33, S=7E, F=noub dIzC (05)
(1740) $CE3E  E0 7E	  CPX #$7E		A=69, X=7E, Y=33, S=7E, F=noub dIzC (05)
(1742) $CE40  A=69, X=7E, Y=33, S=7E, F=noub dIZC (07)
(1744) $CE42  A=69, X=7E, Y=33, S=7E, F=noub dIZC (07)
(1748) $CE43  68		  PLA 			A=39, X=7E, Y=33, S=7F, F=noub dIzC (05)
(1752) $CE44  BA		  TSX 			A=CE, X=7E, Y=33, S=80, F=noub dIzC (05)
(1754) $CE45  E0 80	  CPX #$80		A=CE, X=80, Y=33, S=80, F=noub dIzC (05)
(1756) $CE47  D0 12	  BNE $CE5B		A=CE, X=80, Y=33, S=80, F=noub dIZC (07)
(1758) $CE49  A9 00	  LDA #$00		A=CE, X=80, Y=33, S=80, F=noub dIZC (07)
(1760) $CE4B  20 4E CE	  JSR $CE4E		A=0, X=80, Y=33, S=80, F=noub dIZC (07)
(1766) $CE4E  68		  PLA 			A=0, X=80, Y=33, S=7E, F=noub dIZC (07)
(1770) $CE4F  C9 4D	  CMP #$4D		A=4D, X=80, Y=33, S=7F, F=noub dIzC (05)
(1772) $CE51  D0 08	  BNE $CE5B		A=4D, X=80, Y=33, S=7F, F=noub dIZC (07)
(1774) $CE53  68		  PLA 			A=4D, X=80, Y=33, S=7F, F=noub dIZC (07)
(1778) $CE54  C9 CE	  CMP #$CE		A=CE, X=80, Y=33, S=80, F=noub dIzC (05)
(1780) $CE56  D0 03	  BNE $CE5B		A=CE, X=80, Y=33, S=80, F=noub dIZC (07)
(1782) $CE58  4C 5F CE	  JMP $CE5F		A=CE, X=80, Y=33, S=80, F=noub dIZC (07)
(1785) $CE5F  EA		  NOP 			A=CE, X=80, Y=33, S=80, F=noub dIZC (07)
(1787) $CE60  A9 CE	  LDA #$CE		A=CE, X=80, Y=33, S=80, F=noub dIZC (07)
(1789) $CE62  48		  PHA 			A=CE, X=80, Y=33, S=80, F=noub dIzC (05)
(1792) $CE63  A9 66	  LDA #$66		A=CE, X=80, Y=33, S=7F, F=noub dIzC (05)
(1794) $CE65  48		  PHA 			A=66, X=80, Y=33, S=7F, F=noub dIzC (05)
(1797) $CE66  60		  RTS 			A=66, X=80, Y=33, S=7E, F=noub dIzC (05)
(1803) $CE67  A2 77	  LDX #$77		A=66, X=80, Y=33, S=80, F=noub dIzC (05)
(1805) $CE69  A0 69	  LDY #$69		A=66, X=77, Y=33, S=80, F=noub dIzC (05)
(1807) $CE6B  18		  CLC 			A=66, X=77, Y=69, S=80, F=noub dIzC (05)
(1809) $CE6C  24 A9	  BIT $01		A=66, X=77, Y=69, S=80, F=noub dIzc (04)
(1812) $CE6E  A9 83	  LDA #$83		A=66, X=77, Y=69, S=80, F=noub dIzc (04)
(1814) $CE70  20 66 CE	  JSR $CE66		A=83, X=77, Y=69, S=80, F=noub dIzc (04)
(1820) $CE66  60		  RTS 			A=83, X=77, Y=69, S=7E, F=noub dIzc (04)
(1826) $CE73  F0 24	  BEQ $CE99		A=83, X=77, Y=69, S=80, F=noub dIzc (04)
(1828) $CE75  10 22	  BPL $CE99		A=83, X=77, Y=69, S=80, F=noub dIzc (04)
(1831) $CE99  A=83, X=77, Y=69, S=80, F=noub dIzc (04)
(1833) $CE9B  86 EA	  STX $00		A=83, X=48, Y=69, S=80, F=noub dIzc (04)
(1836) $CE9D  EA		  NOP 			A=83, X=48, Y=69, S=80, F=noub dIzc (04)
(1838) $CE9E  A9 CE	  LDA #$CE		A=83, X=48, Y=69, S=80, F=noub dIzc (04)
(1840) $CEA0  48		  PHA 			A=CE, X=48, Y=69, S=80, F=noub dIzc (04)
(1843) $CEA1  A9 AE	  LDA #$AE		A=CE, X=48, Y=69, S=7F, F=noub dIzc (04)
(1845) $CEA3  48		  PHA 			A=AE, X=48, Y=69, S=7F, F=noub dIzc (04)
(1848) $CEA4  A9 65	  LDA #$65		A=AE, X=48, Y=69, S=7E, F=noub dIzc (04)
(1850) $CEA6  48		  PHA 			A=65, X=48, Y=69, S=7E, F=noub dIzc (04)
(1853) $CEA7  A9 55	  LDA #$55		A=65, X=48, Y=69, S=7D, F=noub dIzc (04)
(1855) $CEA9  A0 88	  LDY #$88		A=55, X=48, Y=69, S=7D, F=noub dIzc (04)
(1857) $CEAB  A2 99	  LDX #$99		A=55, X=48, Y=88, S=7D, F=noub dIzc (04)
(1859) $CEAD  40		  RTI 			A=55, X=99, Y=88, S=7D, F=noub dIzc (04)
(1865) $CEAE  30 35	  BMI $CEE5		A=55, X=99, Y=88, S=80, F=nOUb dIzC (65)
(1867) $CEB0  50 33	  BVC $CEE5		A=55, X=99, Y=88, S=80, F=nOUb dIzC (65)
(1869) $CEB2  F0 31	  BEQ $CEE5		A=55, X=99, Y=88, S=80, F=nOUb dIzC (65)
(1871) $CEB4  90 2F	  BCC $CEE5		A=55, X=99, Y=88, S=80, F=nOUb dIzC (65)
(1873) $CEB6  C9 55	  CMP #$55		A=55, X=99, Y=88, S=80, F=nOUb dIzC (65)
(1875) $CEB8  D0 2B	  BNE $CEE5		A=55, X=99, Y=88, S=80, F=nOUb dIZC (67)
(1877) $CEBA  C0 88	  CPY #$88		A=55, X=99, Y=88, S=80, F=nOUb dIZC (67)
(1879) $CEBC  D0 27	  BNE $CEE5		A=55, X=99, Y=88, S=80, F=nOUb dIZC (67)
(1881) $CEBE  E0 99	  CPX #$99		A=55, X=99, Y=88, S=80, F=nOUb dIZC (67)
(1883) $CEC0  D0 23	  BNE $CEE5		A=55, X=99, Y=88, S=80, F=nOUb dIZC (67)
(1885) $CEC2  A9 CE	  LDA #$CE		A=55, X=99, Y=88, S=80, F=nOUb dIZC (67)
(1887) $CEC4  48		  PHA 			A=CE, X=99, Y=88, S=80, F=nOUb dIzC (65)
(1890) $CEC5  A9 CE	  LDA #$CE		A=CE, X=99, Y=88, S=7F, F=nOUb dIzC (65)
(1892) $CEC7  48		  PHA 			A=CE, X=99, Y=88, S=7F, F=nOUb dIzC (65)
(1895) $CEC8  A9 87	  LDA #$87		A=CE, X=99, Y=88, S=7E, F=nOUb dIzC (65)
(1897) $CECA  48		  PHA 			A=87, X=99, Y=88, S=7E, F=nOUb dIzC (65)
(1900) $CECB  A9 55	  LDA #$55		A=87, X=99, Y=88, S=7D, F=nOUb dIzC (65)
(1902) $CECD  40		  RTI 			A=55, X=99, Y=88, S=7D, F=nOUb dIzC (65)
(1908) $CECE  10 15	  BPL $CEE5		A=55, X=99, Y=88, S=80, F=Noub dIZC (87)
(1910) $CED0  70 13	  BVS $CEE5		A=55, X=99, Y=88, S=80, F=Noub dIZC (87)
(1912) $CED2  D0 11	  BNE $CEE5		A=55, X=99, Y=88, S=80, F=Noub dIZC (87)
(1914) $CED4  90 0F	  BCC $CEE5		A=55, X=99, Y=88, S=80, F=Noub dIZC (87)
(1916) $CED6  C9 55	  CMP #$55		A=55, X=99, Y=88, S=80, F=Noub dIZC (87)
(1918) $CED8  D0 0B	  BNE $CEE5		A=55, X=99, Y=88, S=80, F=noub dIZC (07)
(1920) $CEDA  C0 88	  CPY #$88		A=55, X=99, Y=88, S=80, F=noub dIZC (07)
(1922) $CEDC  D0 07	  BNE $CEE5		A=55, X=99, Y=88, S=80, F=noub dIZC (07)
(1924) $CEDE  E0 99	  CPX #$99		A=55, X=99, Y=88, S=80, F=noub dIZC (07)
(1926) $CEE0  D0 03	  BNE $CEE5		A=55, X=99, Y=88, S=80, F=noub dIZC (07)
(1928) $CEE2  4C E9 CE	  JMP $CEE9		A=55, X=99, Y=88, S=80, F=noub dIZC (07)
(1931) $CEE9  AE FF 07	  LDX $07FF		A=55, X=99, Y=88, S=80, F=noub dIZC (07)
(1935) $CEEC  9A		  TXS 			A=55, X=FB, Y=88, S=80, F=noub dIzC (05)
(1937) $CEED  60		  RTS 			A=55, X=FB, Y=88, S=FB, F=noub dIzC (05)
(1943) $C60C  20 EE CE	  JSR $CEEE		A=55, X=FB, Y=88, S=FD, F=noub dIzC (05)
(1949) $CEEE  A2 55	  LDX #$55		A=55, X=FB, Y=88, S=FB, F=noub dIzC (05)
(1951) $CEF0  A0 69	  LDY #$69		A=55, X=55, Y=88, S=FB, F=noub dIzC (05)
(1953) $CEF2  A9 FF	  LDA #$FF		A=55, X=55, Y=69, S=FB, F=noub dIzC (05)
(1955) $CEF4  85 EA	  STA $01		A=FF, X=55, Y=69, S=FB, F=noub dIzC (05)
(1958) $CEF6  EA		  NOP 			A=FF, X=55, Y=69, S=FB, F=noub dIzC (05)
(1960) $CEF7  24 38	  BIT $01		A=FF, X=55, Y=69, S=FB, F=noub dIzC (05)
(1963) $CEF9  38		  SEC 			A=FF, X=55, Y=69, S=FB, F=noub dIzC (05)
(1965) $CEFA  A9 01	  LDA #$01		A=FF, X=55, Y=69, S=FB, F=noub dIzC (05)
(1967) $CEFC  4A		  LSR 			A=1, X=55, Y=69, S=FB, F=noub dIzC (05)
(1969) $CEFD  90 1D	  BCC $CF1C		A=1, X=55, Y=69, S=FB, F=noub dIZc (06)
(1973) $CF1C  A2 4A	  LDX #$4A		A=1, X=55, Y=69, S=FB, F=noub dIZc (06)
(1975) $CF1E  86 EA	  STX $00		A=1, X=4A, Y=69, S=FB, F=noub dIzc (04)
(1978) $CF20  EA		  NOP 			A=1, X=4A, Y=69, S=FB, F=noub dIzc (04)
(1980) $CF21  24 38	  BIT $01		A=1, X=4A, Y=69, S=FB, F=noub dIzc (04)
(1983) $CF23  38		  SEC 			A=1, X=4A, Y=69, S=FB, F=noub dIzc (04)
(1985) $CF24  A9 80	  LDA #$80		A=1, X=4A, Y=69, S=FB, F=noub dIzC (05)
(1987) $CF26  0A		  ASL 			A=80, X=4A, Y=69, S=FB, F=noub dIzC (05)
(1989) $CF27  90 1E	  BCC $CF47		A=80, X=4A, Y=69, S=FB, F=noub dIZc (06)
(1992) $CF47  A2 4B	  LDX #$4B		A=80, X=4A, Y=69, S=FB, F=noub dIZc (06)
(1994) $CF49  86 EA	  STX $00		A=80, X=4B, Y=69, S=FB, F=noub dIzc (04)
(1997) $CF4B  EA		  NOP 			A=80, X=4B, Y=69, S=FB, F=noub dIzc (04)
(1999) $CF4C  24 38	  BIT $01		A=80, X=4B, Y=69, S=FB, F=noub dIzc (04)
(2002) $CF4E  38		  SEC 			A=80, X=4B, Y=69, S=FB, F=noub dIzc (04)
(2004) $CF4F  A9 01	  LDA #$01		A=80, X=4B, Y=69, S=FB, F=noub dIzC (05)
(2006) $CF51  6A		  ROR 			A=1, X=4B, Y=69, S=FB, F=noub dIzC (05)
(2008) $CF52  90 1E	  BCC $CF72		A=1, X=4B, Y=69, S=FB, F=noub dIzc (04)
(2011) $CF72  A2 4C	  LDX #$4C		A=1, X=4B, Y=69, S=FB, F=noub dIzc (04)
(2013) $CF74  86 EA	  STX $00		A=1, X=4C, Y=69, S=FB, F=noub dIzc (04)
(2016) $CF76  EA		  NOP 			A=1, X=4C, Y=69, S=FB, F=noub dIzc (04)
(2018) $CF77  24 38	  BIT $01		A=1, X=4C, Y=69, S=FB, F=noub dIzc (04)
(2021) $CF79  38		  SEC 			A=1, X=4C, Y=69, S=FB, F=noub dIzc (04)
(2023) $CF7A  A9 80	  LDA #$80		A=1, X=4C, Y=69, S=FB, F=noub dIzC (05)
(2025) $CF7C  2A		  ROL 			A=80, X=4C, Y=69, S=FB, F=noub dIzC (05)
(2027) $CF7D  90 1E	  BCC $CF9D		A=80, X=4C, Y=69, S=FB, F=noub dIzc (04)
(2030) $CF9D  A2 4D	  LDX #$4D		A=80, X=4C, Y=69, S=FB, F=noub dIzc (04)
(2032) $CF9F  86 60	  STX $00		A=80, X=4D, Y=69, S=FB, F=noub dIzc (04)
(2035) $CFA1  60		  RTS 			A=80, X=4D, Y=69, S=FB, F=noub dIzc (04)
(2041) $C60F  20 A2 CF	  JSR $CFA2		A=80, X=4D, Y=69, S=FD, F=noub dIzc (04)
(2047) $CFA2  A5 8D	  LDA $00		A=80, X=4D, Y=69, S=FB, F=noub dIzc (04)
(2050) $CFA4  8D FF 07	  STA $07FF		A=4D, X=4D, Y=69, S=FB, F=noub dIzc (04)
(2054) $CFA7  A9 00	  LDA #$00		A=4D, X=4D, Y=69, S=FB, F=noub dIzc (04)
(2056) $CFA9  85 A9	  STA $80		A=0, X=4D, Y=69, S=FB, F=noub dIZc (06)
(2059) $CFAB  A9 02	  LDA #$02		A=0, X=4D, Y=69, S=FB, F=noub dIZc (06)
(2061) $CFAD  85 A9	  STA $81		A=2, X=4D, Y=69, S=FB, F=noub dIzc (04)
(2064) $CFAF  A9 FF	  LDA #$FF		A=2, X=4D, Y=69, S=FB, F=noub dIzc (04)
(2066) $CFB1  85 A9	  STA $01		A=FF, X=4D, Y=69, S=FB, F=noub dIzc (04)
(2069) $CFB3  A9 00	  LDA #$00		A=FF, X=4D, Y=69, S=FB, F=noub dIzc (04)
(2071) $CFB5  85 A9	  STA $82		A=0, X=4D, Y=69, S=FB, F=noub dIZc (06)
(2074) $CFB7  A9 03	  LDA #$03		A=0, X=4D, Y=69, S=FB, F=noub dIZc (06)
(2076) $CFB9  85 85	  STA $83		A=3, X=4D, Y=69, S=FB, F=noub dIzc (04)
(2079) $CFBB  85 A9	  STA $84		A=3, X=4D, Y=69, S=FB, F=noub dIzc (04)
(2082) $CFBD  A9 00	  LDA #$00		A=3, X=4D, Y=69, S=FB, F=noub dIzc (04)
(2084) $CFBF  85 A9	  STA $FF		A=0, X=4D, Y=69, S=FB, F=noub dIZc (06)
(2087) $CFC1  A9 04	  LDA #$04		A=0, X=4D, Y=69, S=FB, F=noub dIZc (06)
(2089) $CFC3  85 A9	  STA $00		A=4, X=4D, Y=69, S=FB, F=noub dIzc (04)
(2092) $CFC5  A9 5A	  LDA #$5A		A=4, X=4D, Y=69, S=FB, F=noub dIzc (04)
(2094) $CFC7  8D 00 02	  STA $0200		A=5A, X=4D, Y=69, S=FB, F=noub dIzc (04)
(2098) $CFCA  A9 5B	  LDA #$5B		A=5A, X=4D, Y=69, S=FB, F=noub dIzc (04)
(2100) $CFCC  8D 00 03	  STA $0300		A=5B, X=4D, Y=69, S=FB, F=noub dIzc (04)
(2104) $CFCF  A9 5C	  LDA #$5C		A=5B, X=4D, Y=69, S=FB, F=noub dIzc (04)
(2106) $CFD1  8D 03 03	  STA $0303		A=5C, X=4D, Y=69, S=FB, F=noub dIzc (04)
(2110) $CFD4  A9 5D	  LDA #$5D		A=5C, X=4D, Y=69, S=FB, F=noub dIzc (04)
(2112) $CFD6  A=5D, X=4D, Y=69, S=FB, F=noub dIzc (04)
(2116) $CFD9  A2 00	  LDX #$00		A=5D, X=4D, Y=69, S=FB, F=noub dIzc (04)
(2118) $CFDB  A1 80 C9	  LDA [$C980 + X]		A=5D, X=0, Y=69, S=FB, F=noub dIZc (06)
(2124) $CFDD  C9 5A	  CMP #$5A		A=5A, X=0, Y=69, S=FB, F=noub dIzc (04)
(2126) $CFDF  D0 1F	  BNE $D000		A=5A, X=0, Y=69, S=FB, F=noub dIZC (07)
(2128) $CFE1  E8		  INX 			A=5A, X=0, Y=69, S=FB, F=noub dIZC (07)
(2130) $CFE2  E8		  INX 			A=5A, X=1, Y=69, S=FB, F=noub dIzC (05)
(2132) $CFE3  A1 80 C9	  LDA [$C980 + X]		A=5A, X=2, Y=69, S=FB, F=noub dIzC (05)
(2138) $CFE5  C9 5B	  CMP #$5B		A=5B, X=2, Y=69, S=FB, F=noub dIzC (05)
(2140) $CFE7  D0 17	  BNE $D000		A=5B, X=2, Y=69, S=FB, F=noub dIZC (07)
(2142) $CFE9  E8		  INX 			A=5B, X=2, Y=69, S=FB, F=noub dIZC (07)
(2144) $CFEA  A1 80 C9	  LDA [$C980 + X]		A=5B, X=3, Y=69, S=FB, F=noub dIzC (05)
(2150) $CFEC  C9 5C	  CMP #$5C		A=5C, X=3, Y=69, S=FB, F=noub dIzC (05)
(2152) $CFEE  D0 10	  BNE $D000		A=5C, X=3, Y=69, S=FB, F=noub dIZC (07)
(2154) $CFF0  A2 00	  LDX #$00		A=5C, X=3, Y=69, S=FB, F=noub dIZC (07)
(2156) $CFF2  A1 FF C9	  LDA [$C9FF + X]		A=5C, X=0, Y=69, S=FB, F=noub dIZC (07)
(2162) $CFF4  C9 5D	  CMP #$5D		A=10, X=0, Y=69, S=FB, F=noub dIzC (05)
(2164) $CFF6  A=10, X=0, Y=69, S=FB, F=noub dIzc (04)
(2168) $D000  A9 58	  LDA #$58		A=10, X=0, Y=69, S=FB, F=noub dIzc (04)
(2170) $D002  8D FF 07	  STA $07FF		A=58, X=0, Y=69, S=FB, F=noub dIzc (04)
(2174) $D005  A9 AA	  LDA #$AA		A=58, X=0, Y=69, S=FB, F=noub dIzc (04)
(2176) $D007  A2 00	  LDX #$00		A=AA, X=0, Y=69, S=FB, F=noub dIzc (04)
(2178) $D009  81 80 E8	  STA [$E880 + X]		A=AA, X=0, Y=69, S=FB, F=noub dIZc (06)
(2184) $D00B  E8		  INX 			A=AA, X=0, Y=69, S=FB, F=noub dIZc (06)
(2186) $D00C  E8		  INX 			A=AA, X=1, Y=69, S=FB, F=noub dIzc (04)
(2188) $D00D  A9 AB	  LDA #$AB		A=AA, X=2, Y=69, S=FB, F=noub dIzc (04)
(2190) $D00F  81 80 E8	  STA [$E880 + X]		A=AB, X=2, Y=69, S=FB, F=noub dIzc (04)
(2196) $D011  E8		  INX 			A=AB, X=2, Y=69, S=FB, F=noub dIzc (04)
(2198) $D012  A9 AC	  LDA #$AC		A=AB, X=3, Y=69, S=FB, F=noub dIzc (04)
(2200) $D014  81 80 A2	  STA [$A280 + X]		A=AC, X=3, Y=69, S=FB, F=noub dIzc (04)
(2206) $D016  A2 00	  LDX #$00		A=AC, X=3, Y=69, S=FB, F=noub dIzc (04)
(2208) $D018  A9 AD	  LDA #$AD		A=AC, X=0, Y=69, S=FB, F=noub dIZc (06)
(2210) $D01A  81 FF AD	  STA [$ADFF + X]		A=AD, X=0, Y=69, S=FB, F=noub dIzc (04)
(2216) $D01C  AD 00 02	  LDA $0200		A=AD, X=0, Y=69, S=FB, F=noub dIzc (04)
(2220) $D01F  C9 AA	  CMP #$AA		A=AA, X=0, Y=69, S=FB, F=noub dIzc (04)
(2222) $D021  D0 15	  BNE $D038		A=AA, X=0, Y=69, S=FB, F=noub dIZC (07)
(2224) $D023  AD 00 03	  LDA $0300		A=AA, X=0, Y=69, S=FB, F=noub dIZC (07)
(2228) $D026  C9 AB	  CMP #$AB		A=AB, X=0, Y=69, S=FB, F=noub dIzC (05)
(2230) $D028  D0 0E	  BNE $D038		A=AB, X=0, Y=69, S=FB, F=noub dIZC (07)
(2232) $D02A  AD 03 03	  LDA $0303		A=AB, X=0, Y=69, S=FB, F=noub dIZC (07)
(2236) $D02D  C9 AC	  CMP #$AC		A=AC, X=0, Y=69, S=FB, F=noub dIzC (05)
(2238) $D02F  D0 07	  BNE $D038		A=AC, X=0, Y=69, S=FB, F=noub dIZC (07)
(2240) $D031  AD 00 04	  LDA $0400		A=AC, X=0, Y=69, S=FB, F=noub dIZC (07)
(2244) $D034  C9 AD	  CMP #$AD		A=5D, X=0, Y=69, S=FB, F=noub dIzC (05)
(2246) $D036  F0 05	  BEQ $D03D		A=5D, X=0, Y=69, S=FB, F=noub dIzc (04)
(2248) $D038  A9 59	  LDA #$59		A=5D, X=0, Y=69, S=FB, F=noub dIzc (04)
(2250) $D03A  8D FF 07	  STA $07FF		A=59, X=0, Y=69, S=FB, F=noub dIzc (04)
(2254) $D03D  AD FF 07	  LDA $07FF		A=59, X=0, Y=69, S=FB, F=noub dIzc (04)
(2258) $D040  85 A9	  STA $00		A=59, X=0, Y=69, S=FB, F=noub dIzc (04)
(2261) $D042  A9 00	  LDA #$00		A=59, X=0, Y=69, S=FB, F=noub dIzc (04)
(2263) $D044  8D 00 03	  STA $0300		A=0, X=0, Y=69, S=FB, F=noub dIZc (06)
(2267) $D047  A9 AA	  LDA #$AA		A=0, X=0, Y=69, S=FB, F=noub dIZc (06)
(2269) $D049  8D 00 02	  STA $0200		A=AA, X=0, Y=69, S=FB, F=noub dIzc (04)
(2273) $D04C  A2 00	  LDX #$00		A=AA, X=0, Y=69, S=FB, F=noub dIzc (04)
(2275) $D04E  A0 5A	  LDY #$5A		A=AA, X=0, Y=69, S=FB, F=noub dIZc (06)
(2277) $D050  20 B6 F7	  JSR $F7B6		A=AA, X=0, Y=5A, S=FB, F=noub dIzc (04)
(2283) $F7B6  18		  CLC 			A=AA, X=0, Y=5A, S=F9, F=noub dIzc (04)
(2285) $F7B7  A9 FF	  LDA #$FF		A=AA, X=0, Y=5A, S=F9, F=noub dIzc (04)
(2287) $F7B9  85 24	  STA $01		A=FF, X=0, Y=5A, S=F9, F=noub dIzc (04)
(2290) $F7BB  24 A9	  BIT $01		A=FF, X=0, Y=5A, S=F9, F=noub dIzc (04)
(2293) $F7BD  A9 55	  LDA #$55		A=FF, X=0, Y=5A, S=F9, F=noub dIzc (04)
(2295) $F7BF  60		  RTS 			A=55, X=0, Y=5A, S=F9, F=noub dIzc (04)
(2301) $D053  01 80 20	  ORA [$2080 + X]		A=55, X=0, Y=5A, S=FB, F=noub dIzc (04)
(2307) $D055  20 C0 F7	  JSR $F7C0		A=FF, X=0, Y=5A, S=FB, F=noub dIzc (04)
(2313) $F7C0  B0 09	  BCS $F7CB		A=FF, X=0, Y=5A, S=F9, F=noub dIzc (04)
(2315) $F7C2  10 07	  BPL $F7CB		A=FF, X=0, Y=5A, S=F9, F=noub dIzc (04)
(2318) $F7CB  84 60	  STY $00		A=FF, X=0, Y=5A, S=F9, F=noub dIzc (04)
(2321) $F7CD  60		  RTS 			A=FF, X=0, Y=5A, S=F9, F=noub dIzc (04)
(2327) $D058  C8		  INY 			A=FF, X=0, Y=5A, S=FB, F=noub dIzc (04)
(2329) $D059  20 CE F7	  JSR $F7CE		A=FF, X=0, Y=5B, S=FB, F=noub dIzc (04)
(2335) $F7CE  38		  SEC 			A=FF, X=0, Y=5B, S=F9, F=noub dIzc (04)
(2337) $F7CF  B8		  CLV 			A=FF, X=0, Y=5B, S=F9, F=noub dIzC (05)
(2339) $F7D0  A9 00	  LDA #$00		A=FF, X=0, Y=5B, S=F9, F=noub dIzC (05)
(2341) $F7D2  60		  RTS 			A=0, X=0, Y=5B, S=F9, F=noub dIZC (07)
(2347) $D05C  01 82 20	  ORA [$2082 + X]		A=0, X=0, Y=5B, S=FB, F=noub dIZC (07)
(2353) $D05E  20 D3 F7	  JSR $F7D3		A=0, X=0, Y=5B, S=FB, F=noub dIZC (07)
(2359) $F7D3  D0 07	  BNE $F7DC		A=0, X=0, Y=5B, S=F9, F=noub dIZC (07)
(2361) $F7D5  70 05	  BVS $F7DC		A=0, X=0, Y=5B, S=F9, F=noub dIZC (07)
(2363) $F7D7  90 03	  BCC $F7DC		A=0, X=0, Y=5B, S=F9, F=noub dIZC (07)
(2365) $F7D9  30 01	  BMI $F7DC		A=0, X=0, Y=5B, S=F9, F=noub dIZC (07)
(2367) $F7DB  60		  RTS 			A=0, X=0, Y=5B, S=F9, F=noub dIZC (07)
(2373) $D061  C8		  INY 			A=0, X=0, Y=5B, S=FB, F=noub dIZC (07)
(2375) $D062  20 DF F7	  JSR $F7DF		A=0, X=0, Y=5C, S=FB, F=noub dIzC (05)
(2381) $F7DF  18		  CLC 			A=0, X=0, Y=5C, S=F9, F=noub dIzC (05)
(2383) $F7E0  24 A9	  BIT $01		A=0, X=0, Y=5C, S=F9, F=noub dIzc (04)
(2386) $F7E2  A9 55	  LDA #$55		A=0, X=0, Y=5C, S=F9, F=noub dIZc (06)
(2388) $F7E4  60		  RTS 			A=55, X=0, Y=5C, S=F9, F=noub dIzc (04)
(2394) $D065  21 80 20	  AND [$2080 + X]		A=55, X=0, Y=5C, S=FB, F=noub dIzc (04)
(2400) $D067  20 E5 F7	  JSR $F7E5		A=0, X=0, Y=5C, S=FB, F=noub dIZc (06)
(2406) $F7E5  D0 07	  BNE $F7EE		A=0, X=0, Y=5C, S=F9, F=noub dIZc (06)
(2408) $F7E7  50 05	  BVC $F7EE		A=0, X=0, Y=5C, S=F9, F=noub dIZc (06)
(2411) $F7EE  84 60	  STY $00		A=0, X=0, Y=5C, S=F9, F=noub dIZc (06)
(2414) $F7F0  60		  RTS 			A=0, X=0, Y=5C, S=F9, F=noub dIZc (06)
(2420) $D06A  C8		  INY 			A=0, X=0, Y=5C, S=FB, F=noub dIZc (06)
(2422) $D06B  A9 EF	  LDA #$EF		A=0, X=0, Y=5D, S=FB, F=noub dIzc (04)
(2424) $D06D  8D 00 03	  STA $0300		A=EF, X=0, Y=5D, S=FB, F=noub dIzc (04)
(2428) $D070  20 F1 F7	  JSR $F7F1		A=EF, X=0, Y=5D, S=FB, F=noub dIzc (04)
(2434) $F7F1  38		  SEC 			A=EF, X=0, Y=5D, S=F9, F=noub dIzc (04)
(2436) $F7F2  B8		  CLV 			A=EF, X=0, Y=5D, S=F9, F=noub dIzC (05)
(2438) $F7F3  A9 F8	  LDA #$F8		A=EF, X=0, Y=5D, S=F9, F=noub dIzC (05)
(2440) $F7F5  60		  RTS 			A=F8, X=0, Y=5D, S=F9, F=noub dIzC (05)
(2446) $D073  21 82 20	  AND [$2082 + X]		A=F8, X=0, Y=5D, S=FB, F=noub dIzC (05)
(2452) $D075  20 F6 F7	  JSR $F7F6		A=E8, X=0, Y=5D, S=FB, F=noub dIzC (05)
(2458) $F7F6  90 09	  BCC $F801		A=E8, X=0, Y=5D, S=F9, F=noub dIzC (05)
(2460) $F7F8  10 07	  BPL $F801		A=E8, X=0, Y=5D, S=F9, F=noub dIzC (05)
(2464) $F801  84 60	  STY $00		A=E8, X=0, Y=5D, S=F9, F=noub dIzC (05)
(2467) $F803  60		  RTS 			A=E8, X=0, Y=5D, S=F9, F=noub dIzC (05)
(2473) $D078  C8		  INY 			A=E8, X=0, Y=5D, S=FB, F=noub dIzC (05)
(2475) $D079  20 04 F8	  JSR $F804		A=E8, X=0, Y=5E, S=FB, F=noub dIzC (05)
(2481) $F804  18		  CLC 			A=E8, X=0, Y=5E, S=F9, F=noub dIzC (05)
(2483) $F805  24 A9	  BIT $01		A=E8, X=0, Y=5E, S=F9, F=noub dIzc (04)
(2486) $F807  A9 5F	  LDA #$5F		A=E8, X=0, Y=5E, S=F9, F=noub dIzc (04)
(2488) $F809  60		  RTS 			A=5F, X=0, Y=5E, S=F9, F=noub dIzc (04)
(2494) $D07C  41 80 20	  EOR [$2080 + X]		A=5F, X=0, Y=5E, S=FB, F=noub dIzc (04)
(2500) $D07E  20 0A F8	  JSR $F80A		A=F5, X=0, Y=5E, S=FB, F=noub dIzc (04)
(2506) $F80A  B0 09	  BCS $F815		A=F5, X=0, Y=5E, S=F9, F=noub dIzc (04)
(2508) $F80C  10 07	  BPL $F815		A=F5, X=0, Y=5E, S=F9, F=noub dIzc (04)
(2511) $F815  84 60	  STY $00		A=F5, X=0, Y=5E, S=F9, F=noub dIzc (04)
(2514) $F817  60		  RTS 			A=F5, X=0, Y=5E, S=F9, F=noub dIzc (04)
(2520) $D081  C8		  INY 			A=F5, X=0, Y=5E, S=FB, F=noub dIzc (04)
(2522) $D082  A9 70	  LDA #$70		A=F5, X=0, Y=5F, S=FB, F=noub dIzc (04)
(2524) $D084  8D 00 03	  STA $0300		A=70, X=0, Y=5F, S=FB, F=noub dIzc (04)
(2528) $D087  20 18 F8	  JSR $F818		A=70, X=0, Y=5F, S=FB, F=noub dIzc (04)
(2534) $F818  38		  SEC 			A=70, X=0, Y=5F, S=F9, F=noub dIzc (04)
(2536) $F819  B8		  CLV 			A=70, X=0, Y=5F, S=F9, F=noub dIzC (05)
(2538) $F81A  A9 70	  LDA #$70		A=70, X=0, Y=5F, S=F9, F=noub dIzC (05)
(2540) $F81C  60		  RTS 			A=70, X=0, Y=5F, S=F9, F=noub dIzC (05)
(2546) $D08A  41 82 20	  EOR [$2082 + X]		A=70, X=0, Y=5F, S=FB, F=noub dIzC (05)
(2552) $D08C  20 1D F8	  JSR $F81D		A=0, X=0, Y=5F, S=FB, F=noub dIZC (07)
(2558) $F81D  D0 07	  BNE $F826		A=0, X=0, Y=5F, S=F9, F=noub dIZC (07)
(2560) $F81F  70 05	  BVS $F826		A=0, X=0, Y=5F, S=F9, F=noub dIZC (07)
(2562) $F821  90 03	  BCC $F826		A=0, X=0, Y=5F, S=F9, F=noub dIZC (07)
(2564) $F823  30 01	  BMI $F826		A=0, X=0, Y=5F, S=F9, F=noub dIZC (07)
(2566) $F825  60		  RTS 			A=0, X=0, Y=5F, S=F9, F=noub dIZC (07)
(2572) $D08F  A=0, X=0, Y=5F, S=FB, F=noub dIZC (07)
(2574) $D090  A=0, X=0, Y=60, S=FB, F=noub dIzC (05)
(2576) $D092  8D 00 02	  STA $0200		A=69, X=0, Y=60, S=FB, F=noub dIzC (05)
(2580) $D095  20 29 F8	  JSR $F829		A=69, X=0, Y=60, S=FB, F=noub dIzC (05)
(2586) $F829  18		  CLC 			A=69, X=0, Y=60, S=F9, F=noub dIzC (05)
(2588) $F82A  24 A9	  BIT $01		A=69, X=0, Y=60, S=F9, F=noub dIzc (04)
(2591) $F82C  A9 00	  LDA #$00		A=69, X=0, Y=60, S=F9, F=noub dIzc (04)
(2593) $F82E  60		  RTS 			A=0, X=0, Y=60, S=F9, F=noub dIZc (06)
(2599) $D098  (Unknown addressing mode)		A=0, X=0, Y=60, S=FB, F=noub dIZc (06)
(2605) $D099  80		  UOP 			A=0, X=0, Y=60, S=FB, F=noub dIZc (06)
